{"/Users/mmiller/Repos/waterline/lib/waterline.js":{"path":"/Users/mmiller/Repos/waterline/lib/waterline.js","s":{"1":2,"2":2,"3":2,"4":2,"5":2,"6":2,"7":2,"8":2,"9":166,"10":0,"11":166,"12":166,"13":166,"14":2,"15":2,"16":2,"17":193,"18":193,"19":2,"20":164,"21":164,"22":0,"23":164,"24":0,"25":164,"26":0,"27":164,"28":0,"29":0,"30":0,"31":164,"32":164,"33":164,"34":164,"35":1,"36":199,"37":199,"38":199,"39":199,"40":164,"41":164,"42":164,"43":0,"44":164,"45":164,"46":199,"47":192,"48":7,"49":164,"50":164,"51":0,"52":164,"53":164,"54":164,"55":164,"56":199,"57":199,"58":199,"59":837,"60":835,"61":2,"62":199,"63":199,"64":199,"65":199,"66":199,"67":164,"68":164,"69":165,"70":165,"71":165,"72":165,"73":156,"74":9,"75":9,"76":9,"77":9,"78":9,"79":9,"80":9,"81":9,"82":9,"83":9,"84":0,"85":9,"86":164,"87":0,"88":164,"89":164,"90":0,"91":164,"92":2,"93":0,"94":0,"95":0,"96":0,"97":0,"98":0,"99":2,"100":164,"101":164,"102":199,"103":199,"104":164,"105":199},"b":{"1":[0,166],"2":[0,164],"3":[0,164],"4":[0,164],"5":[0,164],"6":[0,164],"7":[192,7],"8":[0,164],"9":[835,2],"10":[199,199],"11":[7,192],"12":[156,9],"13":[9,0],"14":[0,9],"15":[0,164],"16":[0,164],"17":[0,0]},"f":{"1":166,"2":193,"3":164,"4":199,"5":164,"6":164,"7":199,"8":164,"9":164,"10":199,"11":837,"12":164,"13":165,"14":9,"15":9,"16":9,"17":164,"18":164,"19":0,"20":0,"21":164,"22":199,"23":199},"fnMap":{"1":{"name":"(anonymous_1)","line":13,"loc":{"start":{"line":13,"column":33},"end":{"line":13,"column":44}}},"2":{"name":"(anonymous_2)","line":56,"loc":{"start":{"line":56,"column":37},"end":{"line":56,"column":58}}},"3":{"name":"(anonymous_3)","line":76,"loc":{"start":{"line":76,"column":33},"end":{"line":76,"column":55}}},"4":{"name":"loadCollection","line":107,"loc":{"start":{"line":107,"column":2},"end":{"line":107,"column":38}}},"5":{"name":"(anonymous_5)","line":121,"loc":{"start":{"line":121,"column":21},"end":{"line":121,"column":36}}},"6":{"name":"(anonymous_6)","line":122,"loc":{"start":{"line":122,"column":52},"end":{"line":122,"column":66}}},"7":{"name":"(anonymous_7)","line":128,"loc":{"start":{"line":128,"column":41},"end":{"line":128,"column":57}}},"8":{"name":"(anonymous_8)","line":133,"loc":{"start":{"line":133,"column":51},"end":{"line":133,"column":65}}},"9":{"name":"(anonymous_9)","line":141,"loc":{"start":{"line":141,"column":48},"end":{"line":141,"column":72}}},"10":{"name":"(anonymous_10)","line":145,"loc":{"start":{"line":145,"column":39},"end":{"line":145,"column":53}}},"11":{"name":"(anonymous_11)","line":151,"loc":{"start":{"line":151,"column":36},"end":{"line":151,"column":50}}},"12":{"name":"(anonymous_12)","line":170,"loc":{"start":{"line":170,"column":52},"end":{"line":170,"column":76}}},"13":{"name":"(anonymous_13)","line":171,"loc":{"start":{"line":171,"column":48},"end":{"line":171,"column":73}}},"14":{"name":"(anonymous_14)","line":180,"loc":{"start":{"line":180,"column":47},"end":{"line":180,"column":61}}},"15":{"name":"(anonymous_15)","line":188,"loc":{"start":{"line":188,"column":40},"end":{"line":188,"column":55}}},"16":{"name":"(anonymous_16)","line":198,"loc":{"start":{"line":198,"column":68},"end":{"line":198,"column":82}}},"17":{"name":"(anonymous_17)","line":205,"loc":{"start":{"line":205,"column":5},"end":{"line":205,"column":19}}},"18":{"name":"(anonymous_18)","line":207,"loc":{"start":{"line":207,"column":19},"end":{"line":207,"column":33}}},"19":{"name":"teardown","line":221,"loc":{"start":{"line":221,"column":31},"end":{"line":221,"column":53}}},"20":{"name":"(anonymous_20)","line":224,"loc":{"start":{"line":224,"column":44},"end":{"line":224,"column":65}}},"21":{"name":"bootstrap","line":240,"loc":{"start":{"line":240,"column":32},"end":{"line":240,"column":55}}},"22":{"name":"(anonymous_22)","line":269,"loc":{"start":{"line":269,"column":46},"end":{"line":269,"column":85}}},"23":{"name":"(anonymous_23)","line":276,"loc":{"start":{"line":276,"column":31},"end":{"line":276,"column":58}}}},"statementMap":{"1":{"start":{"line":1,"column":0},"end":{"line":1,"column":26}},"2":{"start":{"line":2,"column":0},"end":{"line":2,"column":29}},"3":{"start":{"line":3,"column":0},"end":{"line":3,"column":41}},"4":{"start":{"line":4,"column":0},"end":{"line":4,"column":53}},"5":{"start":{"line":5,"column":0},"end":{"line":5,"column":64}},"6":{"start":{"line":6,"column":0},"end":{"line":6,"column":69}},"7":{"start":{"line":7,"column":0},"end":{"line":7,"column":80}},"8":{"start":{"line":13,"column":0},"end":{"line":27,"column":2}},"9":{"start":{"line":15,"column":2},"end":{"line":17,"column":3}},"10":{"start":{"line":16,"column":4},"end":{"line":16,"column":27}},"11":{"start":{"line":21,"column":2},"end":{"line":21,"column":25}},"12":{"start":{"line":24,"column":2},"end":{"line":24,"column":25}},"13":{"start":{"line":26,"column":2},"end":{"line":26,"column":14}},"14":{"start":{"line":35,"column":0},"end":{"line":35,"column":57}},"15":{"start":{"line":38,"column":0},"end":{"line":38,"column":47}},"16":{"start":{"line":56,"column":0},"end":{"line":62,"column":2}},"17":{"start":{"line":59,"column":2},"end":{"line":59,"column":37}},"18":{"start":{"line":61,"column":2},"end":{"line":61,"column":27}},"19":{"start":{"line":76,"column":0},"end":{"line":213,"column":2}},"20":{"start":{"line":77,"column":2},"end":{"line":77,"column":18}},"21":{"start":{"line":80,"column":2},"end":{"line":80,"column":76}},"22":{"start":{"line":80,"column":16},"end":{"line":80,"column":76}},"23":{"start":{"line":81,"column":2},"end":{"line":81,"column":91}},"24":{"start":{"line":81,"column":25},"end":{"line":81,"column":91}},"25":{"start":{"line":82,"column":2},"end":{"line":82,"column":96}},"26":{"start":{"line":82,"column":28},"end":{"line":82,"column":96}},"27":{"start":{"line":85,"column":2},"end":{"line":92,"column":3}},"28":{"start":{"line":86,"column":4},"end":{"line":88,"column":5}},"29":{"start":{"line":87,"column":6},"end":{"line":87,"column":72}},"30":{"start":{"line":91,"column":4},"end":{"line":91,"column":31}},"31":{"start":{"line":95,"column":2},"end":{"line":95,"column":24}},"32":{"start":{"line":98,"column":2},"end":{"line":98,"column":76}},"33":{"start":{"line":101,"column":2},"end":{"line":101,"column":68}},"34":{"start":{"line":104,"column":2},"end":{"line":104,"column":74}},"35":{"start":{"line":107,"column":2},"end":{"line":116,"column":3}},"36":{"start":{"line":108,"column":4},"end":{"line":108,"column":72}},"37":{"start":{"line":109,"column":4},"end":{"line":109,"column":45}},"38":{"start":{"line":113,"column":4},"end":{"line":113,"column":69}},"39":{"start":{"line":115,"column":4},"end":{"line":115,"column":11}},"40":{"start":{"line":118,"column":2},"end":{"line":211,"column":5}},"41":{"start":{"line":122,"column":6},"end":{"line":137,"column":9}},"42":{"start":{"line":123,"column":8},"end":{"line":123,"column":34}},"43":{"start":{"line":123,"column":17},"end":{"line":123,"column":34}},"44":{"start":{"line":126,"column":8},"end":{"line":126,"column":32}},"45":{"start":{"line":128,"column":8},"end":{"line":131,"column":11}},"46":{"start":{"line":129,"column":10},"end":{"line":129,"column":56}},"47":{"start":{"line":129,"column":49},"end":{"line":129,"column":56}},"48":{"start":{"line":130,"column":10},"end":{"line":130,"column":79}},"49":{"start":{"line":133,"column":8},"end":{"line":136,"column":11}},"50":{"start":{"line":134,"column":10},"end":{"line":134,"column":36}},"51":{"start":{"line":134,"column":19},"end":{"line":134,"column":36}},"52":{"start":{"line":135,"column":10},"end":{"line":135,"column":39}},"53":{"start":{"line":142,"column":6},"end":{"line":142,"column":41}},"54":{"start":{"line":143,"column":6},"end":{"line":143,"column":23}},"55":{"start":{"line":145,"column":6},"end":{"line":164,"column":9}},"56":{"start":{"line":146,"column":8},"end":{"line":146,"column":42}},"57":{"start":{"line":149,"column":8},"end":{"line":149,"column":56}},"58":{"start":{"line":151,"column":8},"end":{"line":154,"column":11}},"59":{"start":{"line":152,"column":10},"end":{"line":152,"column":58}},"60":{"start":{"line":152,"column":51},"end":{"line":152,"column":58}},"61":{"start":{"line":153,"column":10},"end":{"line":153,"column":29}},"62":{"start":{"line":157,"column":8},"end":{"line":157,"column":41}},"63":{"start":{"line":158,"column":8},"end":{"line":159,"column":81}},"64":{"start":{"line":161,"column":8},"end":{"line":161,"column":50}},"65":{"start":{"line":162,"column":8},"end":{"line":162,"column":57}},"66":{"start":{"line":163,"column":8},"end":{"line":163,"column":49}},"67":{"start":{"line":166,"column":6},"end":{"line":166,"column":26}},"68":{"start":{"line":171,"column":6},"end":{"line":202,"column":15}},"69":{"start":{"line":172,"column":8},"end":{"line":172,"column":48}},"70":{"start":{"line":173,"column":8},"end":{"line":173,"column":24}},"71":{"start":{"line":174,"column":8},"end":{"line":174,"column":29}},"72":{"start":{"line":177,"column":8},"end":{"line":177,"column":90}},"73":{"start":{"line":177,"column":72},"end":{"line":177,"column":90}},"74":{"start":{"line":180,"column":8},"end":{"line":182,"column":11}},"75":{"start":{"line":181,"column":10},"end":{"line":181,"column":47}},"76":{"start":{"line":185,"column":8},"end":{"line":185,"column":31}},"77":{"start":{"line":188,"column":8},"end":{"line":195,"column":11}},"78":{"start":{"line":189,"column":10},"end":{"line":189,"column":30}},"79":{"start":{"line":190,"column":10},"end":{"line":192,"column":11}},"80":{"start":{"line":191,"column":12},"end":{"line":191,"column":66}},"81":{"start":{"line":194,"column":10},"end":{"line":194,"column":71}},"82":{"start":{"line":198,"column":8},"end":{"line":201,"column":11}},"83":{"start":{"line":199,"column":10},"end":{"line":199,"column":40}},"84":{"start":{"line":199,"column":19},"end":{"line":199,"column":40}},"85":{"start":{"line":200,"column":10},"end":{"line":200,"column":21}},"86":{"start":{"line":206,"column":4},"end":{"line":206,"column":28}},"87":{"start":{"line":206,"column":13},"end":{"line":206,"column":28}},"88":{"start":{"line":207,"column":4},"end":{"line":210,"column":7}},"89":{"start":{"line":208,"column":6},"end":{"line":208,"column":30}},"90":{"start":{"line":208,"column":15},"end":{"line":208,"column":30}},"91":{"start":{"line":209,"column":6},"end":{"line":209,"column":81}},"92":{"start":{"line":221,"column":0},"end":{"line":232,"column":2}},"93":{"start":{"line":222,"column":2},"end":{"line":222,"column":18}},"94":{"start":{"line":224,"column":2},"end":{"line":231,"column":9}},"95":{"start":{"line":225,"column":4},"end":{"line":225,"column":44}},"96":{"start":{"line":228,"column":4},"end":{"line":228,"column":72}},"97":{"start":{"line":228,"column":58},"end":{"line":228,"column":72}},"98":{"start":{"line":230,"column":4},"end":{"line":230,"column":45}},"99":{"start":{"line":240,"column":0},"end":{"line":280,"column":2}},"100":{"start":{"line":241,"column":2},"end":{"line":241,"column":18}},"101":{"start":{"line":269,"column":2},"end":{"line":272,"column":9}},"102":{"start":{"line":270,"column":4},"end":{"line":270,"column":31}},"103":{"start":{"line":271,"column":4},"end":{"line":271,"column":21}},"104":{"start":{"line":276,"column":2},"end":{"line":279,"column":9}},"105":{"start":{"line":278,"column":4},"end":{"line":278,"column":26}}},"branchMap":{"1":{"line":15,"type":"if","locations":[{"start":{"line":15,"column":2},"end":{"line":15,"column":2}},{"start":{"line":15,"column":2},"end":{"line":15,"column":2}}]},"2":{"line":80,"type":"if","locations":[{"start":{"line":80,"column":2},"end":{"line":80,"column":2}},{"start":{"line":80,"column":2},"end":{"line":80,"column":2}}]},"3":{"line":81,"type":"if","locations":[{"start":{"line":81,"column":2},"end":{"line":81,"column":2}},{"start":{"line":81,"column":2},"end":{"line":81,"column":2}}]},"4":{"line":82,"type":"if","locations":[{"start":{"line":82,"column":2},"end":{"line":82,"column":2}},{"start":{"line":82,"column":2},"end":{"line":82,"column":2}}]},"5":{"line":85,"type":"if","locations":[{"start":{"line":85,"column":2},"end":{"line":85,"column":2}},{"start":{"line":85,"column":2},"end":{"line":85,"column":2}}]},"6":{"line":123,"type":"if","locations":[{"start":{"line":123,"column":8},"end":{"line":123,"column":8}},{"start":{"line":123,"column":8},"end":{"line":123,"column":8}}]},"7":{"line":129,"type":"if","locations":[{"start":{"line":129,"column":10},"end":{"line":129,"column":10}},{"start":{"line":129,"column":10},"end":{"line":129,"column":10}}]},"8":{"line":134,"type":"if","locations":[{"start":{"line":134,"column":10},"end":{"line":134,"column":10}},{"start":{"line":134,"column":10},"end":{"line":134,"column":10}}]},"9":{"line":152,"type":"if","locations":[{"start":{"line":152,"column":10},"end":{"line":152,"column":10}},{"start":{"line":152,"column":10},"end":{"line":152,"column":10}}]},"10":{"line":157,"type":"binary-expr","locations":[{"start":{"line":157,"column":19},"end":{"line":157,"column":34}},{"start":{"line":157,"column":38},"end":{"line":157,"column":40}}]},"11":{"line":158,"type":"cond-expr","locations":[{"start":{"line":159,"column":10},"end":{"line":159,"column":72}},{"start":{"line":159,"column":75},"end":{"line":159,"column":80}}]},"12":{"line":177,"type":"if","locations":[{"start":{"line":177,"column":8},"end":{"line":177,"column":8}},{"start":{"line":177,"column":8},"end":{"line":177,"column":8}}]},"13":{"line":190,"type":"if","locations":[{"start":{"line":190,"column":10},"end":{"line":190,"column":10}},{"start":{"line":190,"column":10},"end":{"line":190,"column":10}}]},"14":{"line":199,"type":"if","locations":[{"start":{"line":199,"column":10},"end":{"line":199,"column":10}},{"start":{"line":199,"column":10},"end":{"line":199,"column":10}}]},"15":{"line":206,"type":"if","locations":[{"start":{"line":206,"column":4},"end":{"line":206,"column":4}},{"start":{"line":206,"column":4},"end":{"line":206,"column":4}}]},"16":{"line":208,"type":"if","locations":[{"start":{"line":208,"column":6},"end":{"line":208,"column":6}},{"start":{"line":208,"column":6},"end":{"line":208,"column":6}}]},"17":{"line":228,"type":"if","locations":[{"start":{"line":228,"column":4},"end":{"line":228,"column":4}},{"start":{"line":228,"column":4},"end":{"line":228,"column":4}}]}}},"/Users/mmiller/Repos/waterline/lib/waterline/connections/index.js":{"path":"/Users/mmiller/Repos/waterline/lib/waterline/connections/index.js","s":{"1":2,"2":2,"3":2,"4":2,"5":164,"6":164,"7":164,"8":2,"9":164,"10":164,"11":165,"12":165,"13":165,"14":0,"15":0,"16":165,"17":0,"18":0,"19":0,"20":0,"21":165,"22":165},"b":{"1":[0,165],"2":[0,165],"3":[0,0]},"f":{"1":164,"2":164,"3":165},"fnMap":{"1":{"name":"(anonymous_1)","line":17,"loc":{"start":{"line":17,"column":35},"end":{"line":17,"column":63}}},"2":{"name":"_build","line":37,"loc":{"start":{"line":37,"column":31},"end":{"line":37,"column":66}}},"3":{"name":"(anonymous_3)","line":44,"loc":{"start":{"line":44,"column":31},"end":{"line":44,"column":45}}}},"statementMap":{"1":{"start":{"line":4,"column":0},"end":{"line":4,"column":26}},"2":{"start":{"line":5,"column":0},"end":{"line":5,"column":27}},"3":{"start":{"line":6,"column":0},"end":{"line":6,"column":71}},"4":{"start":{"line":17,"column":0},"end":{"line":26,"column":2}},"5":{"start":{"line":20,"column":2},"end":{"line":20,"column":25}},"6":{"start":{"line":23,"column":2},"end":{"line":23,"column":33}},"7":{"start":{"line":25,"column":2},"end":{"line":25,"column":27}},"8":{"start":{"line":37,"column":0},"end":{"line":75,"column":2}},"9":{"start":{"line":39,"column":2},"end":{"line":39,"column":18}},"10":{"start":{"line":44,"column":2},"end":{"line":73,"column":5}},"11":{"start":{"line":45,"column":4},"end":{"line":45,"column":30}},"12":{"start":{"line":46,"column":4},"end":{"line":47,"column":19}},"13":{"start":{"line":50,"column":4},"end":{"line":53,"column":5}},"14":{"start":{"line":51,"column":6},"end":{"line":51,"column":149}},"15":{"start":{"line":52,"column":6},"end":{"line":52,"column":27}},"16":{"start":{"line":56,"column":4},"end":{"line":62,"column":5}},"17":{"start":{"line":57,"column":6},"end":{"line":60,"column":316}},"18":{"start":{"line":58,"column":8},"end":{"line":58,"column":179}},"19":{"start":{"line":60,"column":11},"end":{"line":60,"column":316}},"20":{"start":{"line":61,"column":6},"end":{"line":61,"column":27}},"21":{"start":{"line":65,"column":4},"end":{"line":69,"column":6}},"22":{"start":{"line":72,"column":4},"end":{"line":72,"column":40}}},"branchMap":{"1":{"line":50,"type":"if","locations":[{"start":{"line":50,"column":4},"end":{"line":50,"column":4}},{"start":{"line":50,"column":4},"end":{"line":50,"column":4}}]},"2":{"line":56,"type":"if","locations":[{"start":{"line":56,"column":4},"end":{"line":56,"column":4}},{"start":{"line":56,"column":4},"end":{"line":56,"column":4}}]},"3":{"line":57,"type":"if","locations":[{"start":{"line":57,"column":6},"end":{"line":57,"column":6}},{"start":{"line":57,"column":6},"end":{"line":57,"column":6}}]}}},"/Users/mmiller/Repos/waterline/lib/waterline/utils/helpers.js":{"path":"/Users/mmiller/Repos/waterline/lib/waterline/utils/helpers.js","s":{"1":2,"2":2,"3":0,"4":0,"5":0,"6":2,"7":0,"8":0,"9":0,"10":0,"11":0,"12":2,"13":7707,"14":7707,"15":2,"16":2,"17":2,"18":38119,"19":0,"20":38119,"21":2,"22":79,"23":0,"24":79},"b":{"1":[0,0],"2":[0,0],"3":[0,7707],"4":[0,38119],"5":[38119,38119],"6":[0,79],"7":[79,79],"8":[79,69,69]},"f":{"1":0,"2":0,"3":0,"4":7707,"5":38119,"6":79},"fnMap":{"1":{"name":"objMap","line":15,"loc":{"start":{"line":15,"column":17},"end":{"line":15,"column":57}}},"2":{"name":"(anonymous_2)","line":16,"loc":{"start":{"line":16,"column":25},"end":{"line":16,"column":45}}},"3":{"name":"pluralize","line":33,"loc":{"start":{"line":33,"column":20},"end":{"line":33,"column":64}}},"4":{"name":"capitalize","line":47,"loc":{"start":{"line":47,"column":21},"end":{"line":47,"column":46}}},"5":{"name":"(anonymous_5)","line":68,"loc":{"start":{"line":68,"column":32},"end":{"line":68,"column":52}}},"6":{"name":"matchMongoId","line":82,"loc":{"start":{"line":82,"column":23},"end":{"line":82,"column":49}}}},"statementMap":{"1":{"start":{"line":6,"column":0},"end":{"line":6,"column":26}},"2":{"start":{"line":15,"column":0},"end":{"line":20,"column":2}},"3":{"start":{"line":16,"column":2},"end":{"line":19,"column":18}},"4":{"start":{"line":17,"column":4},"end":{"line":17,"column":47}},"5":{"start":{"line":18,"column":4},"end":{"line":18,"column":15}},"6":{"start":{"line":33,"column":0},"end":{"line":37,"column":2}},"7":{"start":{"line":34,"column":2},"end":{"line":34,"column":71}},"8":{"start":{"line":34,"column":33},"end":{"line":34,"column":71}},"9":{"start":{"line":35,"column":2},"end":{"line":35,"column":61}},"10":{"start":{"line":35,"column":30},"end":{"line":35,"column":61}},"11":{"start":{"line":36,"column":2},"end":{"line":36,"column":20}},"12":{"start":{"line":47,"column":0},"end":{"line":50,"column":2}},"13":{"start":{"line":48,"column":2},"end":{"line":48,"column":40}},"14":{"start":{"line":49,"column":2},"end":{"line":49,"column":52}},"15":{"start":{"line":56,"column":0},"end":{"line":56,"column":20}},"16":{"start":{"line":67,"column":0},"end":{"line":67,"column":42}},"17":{"start":{"line":68,"column":0},"end":{"line":71,"column":2}},"18":{"start":{"line":69,"column":2},"end":{"line":69,"column":54}},"19":{"start":{"line":69,"column":41},"end":{"line":69,"column":54}},"20":{"start":{"line":70,"column":2},"end":{"line":70,"column":29}},"21":{"start":{"line":82,"column":0},"end":{"line":89,"column":2}},"22":{"start":{"line":85,"column":2},"end":{"line":88,"column":54}},"23":{"start":{"line":87,"column":4},"end":{"line":87,"column":17}},"24":{"start":{"line":88,"column":7},"end":{"line":88,"column":54}}},"branchMap":{"1":{"line":34,"type":"if","locations":[{"start":{"line":34,"column":2},"end":{"line":34,"column":2}},{"start":{"line":34,"column":2},"end":{"line":34,"column":2}}]},"2":{"line":35,"type":"if","locations":[{"start":{"line":35,"column":2},"end":{"line":35,"column":2}},{"start":{"line":35,"column":2},"end":{"line":35,"column":2}}]},"3":{"line":48,"type":"cond-expr","locations":[{"start":{"line":48,"column":23},"end":{"line":48,"column":25}},{"start":{"line":48,"column":28},"end":{"line":48,"column":39}}]},"4":{"line":69,"type":"if","locations":[{"start":{"line":69,"column":2},"end":{"line":69,"column":2}},{"start":{"line":69,"column":2},"end":{"line":69,"column":2}}]},"5":{"line":69,"type":"binary-expr","locations":[{"start":{"line":69,"column":6},"end":{"line":69,"column":18}},{"start":{"line":69,"column":22},"end":{"line":69,"column":39}}]},"6":{"line":85,"type":"if","locations":[{"start":{"line":85,"column":2},"end":{"line":85,"column":2}},{"start":{"line":85,"column":2},"end":{"line":85,"column":2}}]},"7":{"line":85,"type":"binary-expr","locations":[{"start":{"line":85,"column":6},"end":{"line":85,"column":9}},{"start":{"line":86,"column":3},"end":{"line":86,"column":69}}]},"8":{"line":86,"type":"binary-expr","locations":[{"start":{"line":86,"column":5},"end":{"line":86,"column":19}},{"start":{"line":86,"column":24},"end":{"line":86,"column":38}},{"start":{"line":86,"column":42},"end":{"line":86,"column":67}}]}}},"/Users/mmiller/Repos/waterline/lib/waterline/collection/loader.js":{"path":"/Users/mmiller/Repos/waterline/lib/waterline/collection/loader.js","s":{"1":2,"2":2,"3":199,"4":199,"5":199,"6":199,"7":2,"8":199,"9":2,"10":199,"11":0,"12":199,"13":199,"14":199,"15":0,"16":0,"17":0,"18":199,"19":2,"20":199,"21":199,"22":189,"23":199,"24":200,"25":0,"26":0,"27":200,"28":199},"b":{"1":[0,199],"2":[199,145],"3":[0,199],"4":[0,0],"5":[189,10],"6":[0,200]},"f":{"1":199,"2":199,"3":199,"4":199,"5":200},"fnMap":{"1":{"name":"(anonymous_1)","line":15,"loc":{"start":{"line":15,"column":40},"end":{"line":15,"column":84}}},"2":{"name":"initialize","line":36,"loc":{"start":{"line":36,"column":40},"end":{"line":36,"column":69}}},"3":{"name":"_validate","line":48,"loc":{"start":{"line":48,"column":39},"end":{"line":48,"column":83}}},"4":{"name":"_getConnections","line":85,"loc":{"start":{"line":85,"column":45},"end":{"line":85,"column":95}}},"5":{"name":"(anonymous_5)","line":96,"loc":{"start":{"line":96,"column":42},"end":{"line":96,"column":57}}}},"statementMap":{"1":{"start":{"line":5,"column":0},"end":{"line":5,"column":71}},"2":{"start":{"line":15,"column":0},"end":{"line":26,"column":2}},"3":{"start":{"line":17,"column":2},"end":{"line":17,"column":27}},"4":{"start":{"line":20,"column":2},"end":{"line":20,"column":60}},"5":{"start":{"line":23,"column":2},"end":{"line":23,"column":72}},"6":{"start":{"line":25,"column":2},"end":{"line":25,"column":14}},"7":{"start":{"line":36,"column":0},"end":{"line":38,"column":2}},"8":{"start":{"line":37,"column":2},"end":{"line":37,"column":61}},"9":{"start":{"line":48,"column":0},"end":{"line":75,"column":2}},"10":{"start":{"line":51,"column":2},"end":{"line":53,"column":3}},"11":{"start":{"line":52,"column":4},"end":{"line":52,"column":69}},"12":{"start":{"line":56,"column":2},"end":{"line":56,"column":78}},"13":{"start":{"line":59,"column":2},"end":{"line":59,"column":48}},"14":{"start":{"line":63,"column":2},"end":{"line":72,"column":3}},"15":{"start":{"line":66,"column":4},"end":{"line":68,"column":5}},"16":{"start":{"line":67,"column":6},"end":{"line":67,"column":99}},"17":{"start":{"line":71,"column":4},"end":{"line":71,"column":48}},"18":{"start":{"line":74,"column":2},"end":{"line":74,"column":20}},"19":{"start":{"line":85,"column":0},"end":{"line":108,"column":2}},"20":{"start":{"line":88,"column":2},"end":{"line":88,"column":27}},"21":{"start":{"line":91,"column":2},"end":{"line":93,"column":3}},"22":{"start":{"line":92,"column":4},"end":{"line":92,"column":72}},"23":{"start":{"line":96,"column":2},"end":{"line":105,"column":5}},"24":{"start":{"line":99,"column":4},"end":{"line":102,"column":5}},"25":{"start":{"line":100,"column":6},"end":{"line":100,"column":113}},"26":{"start":{"line":101,"column":6},"end":{"line":101,"column":27}},"27":{"start":{"line":104,"column":4},"end":{"line":104,"column":46}},"28":{"start":{"line":107,"column":2},"end":{"line":107,"column":25}}},"branchMap":{"1":{"line":51,"type":"if","locations":[{"start":{"line":51,"column":2},"end":{"line":51,"column":2}},{"start":{"line":51,"column":2},"end":{"line":51,"column":2}}]},"2":{"line":51,"type":"binary-expr","locations":[{"start":{"line":51,"column":6},"end":{"line":51,"column":56}},{"start":{"line":51,"column":60},"end":{"line":51,"column":109}}]},"3":{"line":63,"type":"if","locations":[{"start":{"line":63,"column":2},"end":{"line":63,"column":2}},{"start":{"line":63,"column":2},"end":{"line":63,"column":2}}]},"4":{"line":66,"type":"if","locations":[{"start":{"line":66,"column":4},"end":{"line":66,"column":4}},{"start":{"line":66,"column":4},"end":{"line":66,"column":4}}]},"5":{"line":91,"type":"if","locations":[{"start":{"line":91,"column":2},"end":{"line":91,"column":2}},{"start":{"line":91,"column":2},"end":{"line":91,"column":2}}]},"6":{"line":99,"type":"if","locations":[{"start":{"line":99,"column":4},"end":{"line":99,"column":4}},{"start":{"line":99,"column":4},"end":{"line":99,"column":4}}]}}},"/Users/mmiller/Repos/waterline/lib/waterline/collection/defaults.js":{"path":"/Users/mmiller/Repos/waterline/lib/waterline/collection/defaults.js","s":{"1":2},"b":{},"f":{},"fnMap":{},"statementMap":{"1":{"start":{"line":6,"column":0},"end":{"line":10,"column":2}}},"branchMap":{}},"/Users/mmiller/Repos/waterline/lib/waterline/collection/index.js":{"path":"/Users/mmiller/Repos/waterline/lib/waterline/collection/index.js","s":{"1":2,"2":2,"3":2,"4":2,"5":2,"6":2,"7":202,"8":202,"9":202,"10":202,"11":202,"12":202,"13":202,"14":2,"15":2,"16":2},"b":{"1":[202,0],"2":[202,2]},"f":{"1":202},"fnMap":{"1":{"name":"(anonymous_1)","line":30,"loc":{"start":{"line":30,"column":34},"end":{"line":30,"column":71}}}},"statementMap":{"1":{"start":{"line":5,"column":0},"end":{"line":5,"column":26}},"2":{"start":{"line":6,"column":0},"end":{"line":6,"column":40}},"3":{"start":{"line":7,"column":0},"end":{"line":7,"column":40}},"4":{"start":{"line":10,"column":0},"end":{"line":10,"column":30}},"5":{"start":{"line":11,"column":0},"end":{"line":11,"column":32}},"6":{"start":{"line":30,"column":0},"end":{"line":50,"column":2}},"7":{"start":{"line":32,"column":2},"end":{"line":32,"column":18}},"8":{"start":{"line":35,"column":2},"end":{"line":35,"column":39}},"9":{"start":{"line":38,"column":2},"end":{"line":38,"column":29}},"10":{"start":{"line":41,"column":2},"end":{"line":41,"column":42}},"11":{"start":{"line":44,"column":2},"end":{"line":44,"column":18}},"12":{"start":{"line":47,"column":2},"end":{"line":47,"column":19}},"13":{"start":{"line":49,"column":2},"end":{"line":49,"column":14}},"14":{"start":{"line":52,"column":0},"end":{"line":52,"column":27}},"15":{"start":{"line":53,"column":0},"end":{"line":53,"column":28}},"16":{"start":{"line":56,"column":0},"end":{"line":56,"column":27}}},"branchMap":{"1":{"line":35,"type":"binary-expr","locations":[{"start":{"line":35,"column":21},"end":{"line":35,"column":32}},{"start":{"line":35,"column":36},"end":{"line":35,"column":38}}]},"2":{"line":41,"type":"binary-expr","locations":[{"start":{"line":41,"column":20},"end":{"line":41,"column":35}},{"start":{"line":41,"column":39},"end":{"line":41,"column":41}}]}}},"/Users/mmiller/Repos/waterline/lib/waterline/utils/extend.js":{"path":"/Users/mmiller/Repos/waterline/lib/waterline/utils/extend.js","s":{"1":2,"2":2,"3":414,"4":414,"5":414,"6":0,"7":414,"8":560,"9":414,"10":414,"11":414,"12":414,"13":414,"14":414,"15":414,"16":414,"17":414},"b":{"1":[0,414],"2":[414,414],"3":[414,0]},"f":{"1":414,"2":560,"3":414},"fnMap":{"1":{"name":"(anonymous_1)","line":10,"loc":{"start":{"line":10,"column":17},"end":{"line":10,"column":51}}},"2":{"name":"(anonymous_2)","line":17,"loc":{"start":{"line":17,"column":12},"end":{"line":17,"column":23}}},"3":{"name":"(anonymous_3)","line":22,"loc":{"start":{"line":22,"column":18},"end":{"line":22,"column":29}}}},"statementMap":{"1":{"start":{"line":8,"column":0},"end":{"line":8,"column":26}},"2":{"start":{"line":10,"column":0},"end":{"line":31,"column":2}},"3":{"start":{"line":11,"column":2},"end":{"line":11,"column":20}},"4":{"start":{"line":12,"column":2},"end":{"line":12,"column":12}},"5":{"start":{"line":14,"column":2},"end":{"line":18,"column":3}},"6":{"start":{"line":15,"column":4},"end":{"line":15,"column":35}},"7":{"start":{"line":17,"column":4},"end":{"line":17,"column":65}},"8":{"start":{"line":17,"column":25},"end":{"line":17,"column":62}},"9":{"start":{"line":20,"column":2},"end":{"line":20,"column":39}},"10":{"start":{"line":22,"column":2},"end":{"line":22,"column":59}},"11":{"start":{"line":22,"column":31},"end":{"line":22,"column":56}},"12":{"start":{"line":23,"column":2},"end":{"line":23,"column":41}},"13":{"start":{"line":24,"column":2},"end":{"line":24,"column":36}},"14":{"start":{"line":26,"column":2},"end":{"line":26,"column":56}},"15":{"start":{"line":26,"column":18},"end":{"line":26,"column":56}},"16":{"start":{"line":28,"column":2},"end":{"line":28,"column":37}},"17":{"start":{"line":30,"column":2},"end":{"line":30,"column":15}}},"branchMap":{"1":{"line":14,"type":"if","locations":[{"start":{"line":14,"column":2},"end":{"line":14,"column":2}},{"start":{"line":14,"column":2},"end":{"line":14,"column":2}}]},"2":{"line":14,"type":"binary-expr","locations":[{"start":{"line":14,"column":6},"end":{"line":14,"column":16}},{"start":{"line":14,"column":20},"end":{"line":14,"column":52}}]},"3":{"line":26,"type":"if","locations":[{"start":{"line":26,"column":2},"end":{"line":26,"column":2}},{"start":{"line":26,"column":2},"end":{"line":26,"column":2}}]}}},"/Users/mmiller/Repos/waterline/lib/waterline/core/index.js":{"path":"/Users/mmiller/Repos/waterline/lib/waterline/core/index.js","s":{"1":2,"2":2,"3":2,"4":2,"5":2,"6":2,"7":2,"8":2,"9":2,"10":2,"11":2,"12":202,"13":202,"14":202,"15":202,"16":202,"17":202,"18":202,"19":202,"20":202,"21":202,"22":202,"23":202,"24":202,"25":202,"26":202,"27":2,"28":202,"29":202,"30":202,"31":202,"32":202,"33":202,"34":174,"35":202,"36":191,"37":202,"38":191,"39":202,"40":202,"41":202,"42":199,"43":202,"44":202,"45":202,"46":202,"47":202,"48":864,"49":195,"50":202,"51":202,"52":202,"53":202,"54":203,"55":203,"56":202,"57":2,"58":202,"59":9,"60":193,"61":3,"62":190,"63":190,"64":0,"65":190,"66":0,"67":190,"68":190,"69":0},"b":{"1":[202,202],"2":[202,199],"3":[202,0],"4":[192,10],"5":[202,0],"6":[174,28],"7":[191,11],"8":[191,11],"9":[199,3],"10":[199,3],"11":[202,199],"12":[202,202],"13":[195,669],"14":[864,195],"15":[203,3],"16":[9,193],"17":[3,190],"18":[193,190],"19":[0,190],"20":[190,190],"21":[0,190],"22":[190,0]},"f":{"1":202,"2":202,"3":864,"4":203,"5":202},"fnMap":{"1":{"name":"(anonymous_1)","line":22,"loc":{"start":{"line":22,"column":28},"end":{"line":22,"column":46}}},"2":{"name":"(anonymous_2)","line":61,"loc":{"start":{"line":61,"column":19},"end":{"line":61,"column":37}}},"3":{"name":"(anonymous_3)","line":94,"loc":{"start":{"line":94,"column":40},"end":{"line":94,"column":54}}},"4":{"name":"(anonymous_4)","line":110,"loc":{"start":{"line":110,"column":40},"end":{"line":110,"column":55}}},"5":{"name":"(anonymous_5)","line":130,"loc":{"start":{"line":130,"column":28},"end":{"line":130,"column":39}}}},"statementMap":{"1":{"start":{"line":5,"column":0},"end":{"line":5,"column":26}},"2":{"start":{"line":6,"column":0},"end":{"line":6,"column":45}},"3":{"start":{"line":7,"column":0},"end":{"line":7,"column":60}},"4":{"start":{"line":8,"column":0},"end":{"line":8,"column":32}},"5":{"start":{"line":9,"column":0},"end":{"line":9,"column":33}},"6":{"start":{"line":10,"column":0},"end":{"line":10,"column":33}},"7":{"start":{"line":11,"column":0},"end":{"line":11,"column":41}},"8":{"start":{"line":12,"column":0},"end":{"line":12,"column":41}},"9":{"start":{"line":13,"column":0},"end":{"line":13,"column":47}},"10":{"start":{"line":14,"column":0},"end":{"line":14,"column":71}},"11":{"start":{"line":22,"column":0},"end":{"line":53,"column":2}},"12":{"start":{"line":24,"column":2},"end":{"line":24,"column":26}},"13":{"start":{"line":27,"column":2},"end":{"line":27,"column":36}},"14":{"start":{"line":28,"column":2},"end":{"line":28,"column":46}},"15":{"start":{"line":29,"column":2},"end":{"line":29,"column":44}},"16":{"start":{"line":31,"column":2},"end":{"line":31,"column":62}},"17":{"start":{"line":34,"column":2},"end":{"line":34,"column":26}},"18":{"start":{"line":35,"column":2},"end":{"line":35,"column":34}},"19":{"start":{"line":36,"column":2},"end":{"line":36,"column":36}},"20":{"start":{"line":40,"column":2},"end":{"line":40,"column":57}},"21":{"start":{"line":41,"column":2},"end":{"line":41,"column":71}},"22":{"start":{"line":42,"column":2},"end":{"line":42,"column":71}},"23":{"start":{"line":44,"column":2},"end":{"line":44,"column":56}},"24":{"start":{"line":46,"column":2},"end":{"line":47,"column":41}},"25":{"start":{"line":50,"column":2},"end":{"line":50,"column":39}},"26":{"start":{"line":52,"column":2},"end":{"line":52,"column":14}},"27":{"start":{"line":61,"column":0},"end":{"line":117,"column":2}},"28":{"start":{"line":62,"column":2},"end":{"line":62,"column":18}},"29":{"start":{"line":64,"column":2},"end":{"line":64,"column":26}},"30":{"start":{"line":67,"column":2},"end":{"line":67,"column":55}},"31":{"start":{"line":70,"column":2},"end":{"line":70,"column":73}},"32":{"start":{"line":73,"column":2},"end":{"line":73,"column":47}},"33":{"start":{"line":74,"column":2},"end":{"line":74,"column":42}},"34":{"start":{"line":74,"column":19},"end":{"line":74,"column":42}},"35":{"start":{"line":75,"column":2},"end":{"line":75,"column":56}},"36":{"start":{"line":75,"column":26},"end":{"line":75,"column":56}},"37":{"start":{"line":76,"column":2},"end":{"line":76,"column":56}},"38":{"start":{"line":76,"column":26},"end":{"line":76,"column":56}},"39":{"start":{"line":79,"column":2},"end":{"line":79,"column":86}},"40":{"start":{"line":81,"column":2},"end":{"line":81,"column":23}},"41":{"start":{"line":82,"column":2},"end":{"line":84,"column":3}},"42":{"start":{"line":83,"column":4},"end":{"line":83,"column":53}},"43":{"start":{"line":86,"column":2},"end":{"line":86,"column":64}},"44":{"start":{"line":89,"column":2},"end":{"line":89,"column":80}},"45":{"start":{"line":90,"column":2},"end":{"line":90,"column":45}},"46":{"start":{"line":91,"column":2},"end":{"line":91,"column":82}},"47":{"start":{"line":94,"column":2},"end":{"line":98,"column":5}},"48":{"start":{"line":95,"column":4},"end":{"line":97,"column":5}},"49":{"start":{"line":96,"column":6},"end":{"line":96,"column":28}},"50":{"start":{"line":101,"column":2},"end":{"line":101,"column":79}},"51":{"start":{"line":104,"column":2},"end":{"line":104,"column":83}},"52":{"start":{"line":107,"column":2},"end":{"line":107,"column":90}},"53":{"start":{"line":110,"column":2},"end":{"line":113,"column":5}},"54":{"start":{"line":111,"column":4},"end":{"line":111,"column":84}},"55":{"start":{"line":112,"column":4},"end":{"line":112,"column":60}},"56":{"start":{"line":116,"column":2},"end":{"line":116,"column":25}},"57":{"start":{"line":130,"column":0},"end":{"line":151,"column":2}},"58":{"start":{"line":133,"column":2},"end":{"line":135,"column":3}},"59":{"start":{"line":134,"column":4},"end":{"line":134,"column":46}},"60":{"start":{"line":138,"column":2},"end":{"line":138,"column":71}},"61":{"start":{"line":138,"column":59},"end":{"line":138,"column":71}},"62":{"start":{"line":139,"column":2},"end":{"line":139,"column":56}},"63":{"start":{"line":142,"column":2},"end":{"line":144,"column":3}},"64":{"start":{"line":143,"column":4},"end":{"line":143,"column":36}},"65":{"start":{"line":147,"column":2},"end":{"line":147,"column":59}},"66":{"start":{"line":147,"column":47},"end":{"line":147,"column":59}},"67":{"start":{"line":148,"column":2},"end":{"line":148,"column":66}},"68":{"start":{"line":148,"column":54},"end":{"line":148,"column":66}},"69":{"start":{"line":150,"column":2},"end":{"line":150,"column":36}}},"branchMap":{"1":{"line":24,"type":"binary-expr","locations":[{"start":{"line":24,"column":12},"end":{"line":24,"column":19}},{"start":{"line":24,"column":23},"end":{"line":24,"column":25}}]},"2":{"line":27,"type":"binary-expr","locations":[{"start":{"line":27,"column":17},"end":{"line":27,"column":29}},{"start":{"line":27,"column":33},"end":{"line":27,"column":35}}]},"3":{"line":29,"type":"binary-expr","locations":[{"start":{"line":29,"column":21},"end":{"line":29,"column":37}},{"start":{"line":29,"column":41},"end":{"line":29,"column":43}}]},"4":{"line":46,"type":"cond-expr","locations":[{"start":{"line":47,"column":4},"end":{"line":47,"column":16}},{"start":{"line":47,"column":19},"end":{"line":47,"column":40}}]},"5":{"line":64,"type":"binary-expr","locations":[{"start":{"line":64,"column":12},"end":{"line":64,"column":19}},{"start":{"line":64,"column":23},"end":{"line":64,"column":25}}]},"6":{"line":74,"type":"if","locations":[{"start":{"line":74,"column":2},"end":{"line":74,"column":2}},{"start":{"line":74,"column":2},"end":{"line":74,"column":2}}]},"7":{"line":75,"type":"if","locations":[{"start":{"line":75,"column":2},"end":{"line":75,"column":2}},{"start":{"line":75,"column":2},"end":{"line":75,"column":2}}]},"8":{"line":76,"type":"if","locations":[{"start":{"line":76,"column":2},"end":{"line":76,"column":2}},{"start":{"line":76,"column":2},"end":{"line":76,"column":2}}]},"9":{"line":79,"type":"cond-expr","locations":[{"start":{"line":79,"column":49},"end":{"line":79,"column":67}},{"start":{"line":79,"column":70},"end":{"line":79,"column":85}}]},"10":{"line":82,"type":"if","locations":[{"start":{"line":82,"column":2},"end":{"line":82,"column":2}},{"start":{"line":82,"column":2},"end":{"line":82,"column":2}}]},"11":{"line":82,"type":"binary-expr","locations":[{"start":{"line":82,"column":6},"end":{"line":82,"column":31}},{"start":{"line":82,"column":35},"end":{"line":82,"column":69}}]},"12":{"line":86,"type":"binary-expr","locations":[{"start":{"line":86,"column":27},"end":{"line":86,"column":57}},{"start":{"line":86,"column":61},"end":{"line":86,"column":63}}]},"13":{"line":95,"type":"if","locations":[{"start":{"line":95,"column":4},"end":{"line":95,"column":4}},{"start":{"line":95,"column":4},"end":{"line":95,"column":4}}]},"14":{"line":95,"type":"binary-expr","locations":[{"start":{"line":95,"column":8},"end":{"line":95,"column":59}},{"start":{"line":95,"column":63},"end":{"line":95,"column":95}}]},"15":{"line":111,"type":"binary-expr","locations":[{"start":{"line":111,"column":42},"end":{"line":111,"column":77}},{"start":{"line":111,"column":81},"end":{"line":111,"column":83}}]},"16":{"line":133,"type":"if","locations":[{"start":{"line":133,"column":2},"end":{"line":133,"column":2}},{"start":{"line":133,"column":2},"end":{"line":133,"column":2}}]},"17":{"line":138,"type":"if","locations":[{"start":{"line":138,"column":2},"end":{"line":138,"column":2}},{"start":{"line":138,"column":2},"end":{"line":138,"column":2}}]},"18":{"line":138,"type":"binary-expr","locations":[{"start":{"line":138,"column":6},"end":{"line":138,"column":22}},{"start":{"line":138,"column":26},"end":{"line":138,"column":57}}]},"19":{"line":142,"type":"if","locations":[{"start":{"line":142,"column":2},"end":{"line":142,"column":2}},{"start":{"line":142,"column":2},"end":{"line":142,"column":2}}]},"20":{"line":142,"type":"binary-expr","locations":[{"start":{"line":142,"column":6},"end":{"line":142,"column":42}},{"start":{"line":142,"column":46},"end":{"line":142,"column":89}}]},"21":{"line":147,"type":"if","locations":[{"start":{"line":147,"column":2},"end":{"line":147,"column":2}},{"start":{"line":147,"column":2},"end":{"line":147,"column":2}}]},"22":{"line":148,"type":"if","locations":[{"start":{"line":148,"column":2},"end":{"line":148,"column":2}},{"start":{"line":148,"column":2},"end":{"line":148,"column":2}}]}}},"/Users/mmiller/Repos/waterline/lib/waterline/utils/schema.js":{"path":"/Users/mmiller/Repos/waterline/lib/waterline/utils/schema.js","s":{"1":2,"2":2,"3":2,"4":2,"5":2,"6":2,"7":204,"8":204,"9":893,"10":25,"11":868,"12":133,"13":735,"14":868,"15":814,"16":868,"17":26,"18":868,"19":23,"20":204,"21":2,"22":203,"23":203,"24":0,"25":203,"26":890,"27":24,"28":203,"29":2,"30":206,"31":206,"32":1,"33":1590,"34":397,"35":258,"36":1193,"37":520,"38":206,"39":1648,"40":1648,"41":1590,"42":1590,"43":58,"44":28,"45":28,"46":55,"47":4,"48":4,"49":4,"50":0,"51":51,"52":30,"53":3,"54":3,"55":3,"56":0,"57":27,"58":206,"59":2,"60":3,"61":0,"62":3,"63":3,"64":4,"65":0,"66":4,"67":0,"68":4,"69":4,"70":3,"71":3},"b":{"1":[25,868],"2":[133,735],"3":[814,54],"4":[868,814],"5":[26,842],"6":[23,845],"7":[0,203],"8":[24,866],"9":[397,1193],"10":[1590,1384],"11":[1590,58],"12":[28,30],"13":[4,51],"14":[4,0],"15":[3,27],"16":[3,0],"17":[0,3],"18":[0,4],"19":[0,4]},"f":{"1":204,"2":893,"3":203,"4":890,"5":206,"6":1590,"7":258,"8":520,"9":3,"10":4},"fnMap":{"1":{"name":"(anonymous_1)","line":42,"loc":{"start":{"line":42,"column":29},"end":{"line":42,"column":45}}},"2":{"name":"(anonymous_2)","line":45,"loc":{"start":{"line":45,"column":29},"end":{"line":45,"column":43}}},"3":{"name":"(anonymous_3)","line":101,"loc":{"start":{"line":101,"column":25},"end":{"line":101,"column":41}}},"4":{"name":"(anonymous_4)","line":106,"loc":{"start":{"line":106,"column":29},"end":{"line":106,"column":43}}},"5":{"name":"(anonymous_5)","line":147,"loc":{"start":{"line":147,"column":28},"end":{"line":147,"column":46}}},"6":{"name":"defaultFn","line":151,"loc":{"start":{"line":151,"column":2},"end":{"line":151,"column":25}}},"7":{"name":"(anonymous_7)","line":152,"loc":{"start":{"line":152,"column":65},"end":{"line":152,"column":98}}},"8":{"name":"(anonymous_8)","line":153,"loc":{"start":{"line":153,"column":9},"end":{"line":153,"column":32}}},"9":{"name":"(anonymous_9)","line":209,"loc":{"start":{"line":209,"column":24},"end":{"line":209,"column":56}}},"10":{"name":"(anonymous_10)","line":215,"loc":{"start":{"line":215,"column":16},"end":{"line":215,"column":31}}}},"statementMap":{"1":{"start":{"line":5,"column":0},"end":{"line":5,"column":26}},"2":{"start":{"line":6,"column":0},"end":{"line":6,"column":31}},"3":{"start":{"line":7,"column":0},"end":{"line":7,"column":39}},"4":{"start":{"line":8,"column":0},"end":{"line":8,"column":64}},"5":{"start":{"line":14,"column":0},"end":{"line":14,"column":38}},"6":{"start":{"line":42,"column":0},"end":{"line":74,"column":2}},"7":{"start":{"line":43,"column":2},"end":{"line":43,"column":22}},"8":{"start":{"line":45,"column":2},"end":{"line":71,"column":5}},"9":{"start":{"line":48,"column":4},"end":{"line":48,"column":49}},"10":{"start":{"line":48,"column":42},"end":{"line":48,"column":49}},"11":{"start":{"line":51,"column":4},"end":{"line":55,"column":5}},"12":{"start":{"line":52,"column":6},"end":{"line":52,"column":45}},"13":{"start":{"line":54,"column":6},"end":{"line":54,"column":35}},"14":{"start":{"line":58,"column":4},"end":{"line":60,"column":5}},"15":{"start":{"line":59,"column":6},"end":{"line":59,"column":64}},"16":{"start":{"line":63,"column":4},"end":{"line":65,"column":5}},"17":{"start":{"line":64,"column":6},"end":{"line":64,"column":66}},"18":{"start":{"line":68,"column":4},"end":{"line":70,"column":5}},"19":{"start":{"line":69,"column":6},"end":{"line":69,"column":56}},"20":{"start":{"line":73,"column":2},"end":{"line":73,"column":20}},"21":{"start":{"line":101,"column":0},"end":{"line":113,"column":2}},"22":{"start":{"line":102,"column":2},"end":{"line":102,"column":19}},"23":{"start":{"line":104,"column":2},"end":{"line":104,"column":29}},"24":{"start":{"line":104,"column":14},"end":{"line":104,"column":29}},"25":{"start":{"line":106,"column":2},"end":{"line":110,"column":5}},"26":{"start":{"line":107,"column":4},"end":{"line":109,"column":5}},"27":{"start":{"line":108,"column":6},"end":{"line":108,"column":32}},"28":{"start":{"line":112,"column":2},"end":{"line":112,"column":17}},"29":{"start":{"line":147,"column":0},"end":{"line":197,"column":2}},"30":{"start":{"line":148,"column":2},"end":{"line":148,"column":27}},"31":{"start":{"line":149,"column":2},"end":{"line":149,"column":15}},"32":{"start":{"line":151,"column":2},"end":{"line":154,"column":3}},"33":{"start":{"line":152,"column":4},"end":{"line":152,"column":117}},"34":{"start":{"line":152,"column":58},"end":{"line":152,"column":117}},"35":{"start":{"line":152,"column":100},"end":{"line":152,"column":114}},"36":{"start":{"line":153,"column":2},"end":{"line":153,"column":51}},"37":{"start":{"line":153,"column":34},"end":{"line":153,"column":48}},"38":{"start":{"line":156,"column":2},"end":{"line":194,"column":3}},"39":{"start":{"line":157,"column":4},"end":{"line":157,"column":22}},"40":{"start":{"line":160,"column":4},"end":{"line":163,"column":5}},"41":{"start":{"line":161,"column":6},"end":{"line":161,"column":34}},"42":{"start":{"line":162,"column":6},"end":{"line":162,"column":15}},"43":{"start":{"line":165,"column":4},"end":{"line":193,"column":5}},"44":{"start":{"line":166,"column":6},"end":{"line":166,"column":19}},"45":{"start":{"line":169,"column":6},"end":{"line":181,"column":7}},"46":{"start":{"line":170,"column":8},"end":{"line":180,"column":9}},"47":{"start":{"line":172,"column":10},"end":{"line":177,"column":11}},"48":{"start":{"line":173,"column":12},"end":{"line":173,"column":62}},"49":{"start":{"line":174,"column":12},"end":{"line":174,"column":55}},"50":{"start":{"line":176,"column":12},"end":{"line":176,"column":83}},"51":{"start":{"line":179,"column":10},"end":{"line":179,"column":40}},"52":{"start":{"line":182,"column":11},"end":{"line":193,"column":5}},"53":{"start":{"line":184,"column":6},"end":{"line":189,"column":7}},"54":{"start":{"line":185,"column":8},"end":{"line":185,"column":54}},"55":{"start":{"line":186,"column":8},"end":{"line":186,"column":47}},"56":{"start":{"line":188,"column":8},"end":{"line":188,"column":75}},"57":{"start":{"line":192,"column":6},"end":{"line":192,"column":32}},"58":{"start":{"line":196,"column":2},"end":{"line":196,"column":13}},"59":{"start":{"line":209,"column":0},"end":{"line":227,"column":2}},"60":{"start":{"line":211,"column":2},"end":{"line":211,"column":39}},"61":{"start":{"line":211,"column":23},"end":{"line":211,"column":39}},"62":{"start":{"line":213,"column":2},"end":{"line":213,"column":42}},"63":{"start":{"line":215,"column":2},"end":{"line":223,"column":5}},"64":{"start":{"line":217,"column":4},"end":{"line":217,"column":71}},"65":{"start":{"line":217,"column":64},"end":{"line":217,"column":71}},"66":{"start":{"line":218,"column":4},"end":{"line":218,"column":70}},"67":{"start":{"line":218,"column":63},"end":{"line":218,"column":70}},"68":{"start":{"line":220,"column":4},"end":{"line":220,"column":53}},"69":{"start":{"line":221,"column":4},"end":{"line":221,"column":51}},"70":{"start":{"line":225,"column":2},"end":{"line":225,"column":25}},"71":{"start":{"line":226,"column":2},"end":{"line":226,"column":18}}},"branchMap":{"1":{"line":48,"type":"if","locations":[{"start":{"line":48,"column":4},"end":{"line":48,"column":4}},{"start":{"line":48,"column":4},"end":{"line":48,"column":4}}]},"2":{"line":51,"type":"if","locations":[{"start":{"line":51,"column":4},"end":{"line":51,"column":4}},{"start":{"line":51,"column":4},"end":{"line":51,"column":4}}]},"3":{"line":58,"type":"if","locations":[{"start":{"line":58,"column":4},"end":{"line":58,"column":4}},{"start":{"line":58,"column":4},"end":{"line":58,"column":4}}]},"4":{"line":58,"type":"binary-expr","locations":[{"start":{"line":58,"column":8},"end":{"line":58,"column":28}},{"start":{"line":58,"column":32},"end":{"line":58,"column":75}}]},"5":{"line":63,"type":"if","locations":[{"start":{"line":63,"column":4},"end":{"line":63,"column":4}},{"start":{"line":63,"column":4},"end":{"line":63,"column":4}}]},"6":{"line":68,"type":"if","locations":[{"start":{"line":68,"column":4},"end":{"line":68,"column":4}},{"start":{"line":68,"column":4},"end":{"line":68,"column":4}}]},"7":{"line":104,"type":"if","locations":[{"start":{"line":104,"column":2},"end":{"line":104,"column":2}},{"start":{"line":104,"column":2},"end":{"line":104,"column":2}}]},"8":{"line":107,"type":"if","locations":[{"start":{"line":107,"column":4},"end":{"line":107,"column":4}},{"start":{"line":107,"column":4},"end":{"line":107,"column":4}}]},"9":{"line":152,"type":"if","locations":[{"start":{"line":152,"column":4},"end":{"line":152,"column":4}},{"start":{"line":152,"column":4},"end":{"line":152,"column":4}}]},"10":{"line":152,"type":"binary-expr","locations":[{"start":{"line":152,"column":8},"end":{"line":152,"column":29}},{"start":{"line":152,"column":33},"end":{"line":152,"column":56}}]},"11":{"line":160,"type":"if","locations":[{"start":{"line":160,"column":4},"end":{"line":160,"column":4}},{"start":{"line":160,"column":4},"end":{"line":160,"column":4}}]},"12":{"line":165,"type":"if","locations":[{"start":{"line":165,"column":4},"end":{"line":165,"column":4}},{"start":{"line":165,"column":4},"end":{"line":165,"column":4}}]},"13":{"line":170,"type":"if","locations":[{"start":{"line":170,"column":8},"end":{"line":170,"column":8}},{"start":{"line":170,"column":8},"end":{"line":170,"column":8}}]},"14":{"line":172,"type":"if","locations":[{"start":{"line":172,"column":10},"end":{"line":172,"column":10}},{"start":{"line":172,"column":10},"end":{"line":172,"column":10}}]},"15":{"line":182,"type":"if","locations":[{"start":{"line":182,"column":11},"end":{"line":182,"column":11}},{"start":{"line":182,"column":11},"end":{"line":182,"column":11}}]},"16":{"line":184,"type":"if","locations":[{"start":{"line":184,"column":6},"end":{"line":184,"column":6}},{"start":{"line":184,"column":6},"end":{"line":184,"column":6}}]},"17":{"line":211,"type":"if","locations":[{"start":{"line":211,"column":2},"end":{"line":211,"column":2}},{"start":{"line":211,"column":2},"end":{"line":211,"column":2}}]},"18":{"line":217,"type":"if","locations":[{"start":{"line":217,"column":4},"end":{"line":217,"column":4}},{"start":{"line":217,"column":4},"end":{"line":217,"column":4}}]},"19":{"line":218,"type":"if","locations":[{"start":{"line":218,"column":4},"end":{"line":218,"column":4}},{"start":{"line":218,"column":4},"end":{"line":218,"column":4}}]}}},"/Users/mmiller/Repos/waterline/lib/waterline/utils/types.js":{"path":"/Users/mmiller/Repos/waterline/lib/waterline/utils/types.js","s":{"1":2},"b":{},"f":{},"fnMap":{},"statementMap":{"1":{"start":{"line":5,"column":0},"end":{"line":20,"column":2}}},"branchMap":{}},"/Users/mmiller/Repos/waterline/lib/waterline/utils/callbacks.js":{"path":"/Users/mmiller/Repos/waterline/lib/waterline/utils/callbacks.js","s":{"1":2},"b":{},"f":{},"fnMap":{},"statementMap":{"1":{"start":{"line":5,"column":0},"end":{"line":14,"column":2}}},"branchMap":{}},"/Users/mmiller/Repos/waterline/lib/waterline/model/index.js":{"path":"/Users/mmiller/Repos/waterline/lib/waterline/model/index.js","s":{"1":2,"2":2,"3":2,"4":2,"5":2,"6":2,"7":216,"8":191,"9":29,"10":3,"11":358,"12":358,"13":358,"14":1599,"15":1599,"16":13,"17":13,"18":0,"19":0,"20":0,"21":1586,"22":1,"23":1,"24":0,"25":1,"26":0,"27":2,"28":2,"29":1,"30":1,"31":1,"32":0,"33":1,"34":1,"35":1,"36":1,"37":1,"38":0,"39":216,"40":911,"41":216,"42":1,"43":1,"44":1,"45":1,"46":1,"47":216,"48":216,"49":216},"b":{"1":[13,1586],"2":[1599,1587],"3":[13,0],"4":[1,1585],"5":[0,1],"6":[0,1],"7":[1,1],"8":[1,0],"9":[1,0],"10":[1,910],"11":[1,0]},"f":{"1":216,"2":191,"3":29,"4":3,"5":358,"6":358,"7":358,"8":1599,"9":2,"10":1,"11":1,"12":1,"13":911,"14":1,"15":1},"fnMap":{"1":{"name":"(anonymous_1)","line":21,"loc":{"start":{"line":21,"column":17},"end":{"line":21,"column":43}}},"2":{"name":"(anonymous_2)","line":29,"loc":{"start":{"line":29,"column":14},"end":{"line":29,"column":25}}},"3":{"name":"(anonymous_3)","line":33,"loc":{"start":{"line":33,"column":10},"end":{"line":33,"column":32}}},"4":{"name":"(anonymous_4)","line":37,"loc":{"start":{"line":37,"column":13},"end":{"line":37,"column":26}}},"5":{"name":"(anonymous_5)","line":41,"loc":{"start":{"line":41,"column":25},"end":{"line":41,"column":36}}},"6":{"name":"(anonymous_6)","line":45,"loc":{"start":{"line":45,"column":28},"end":{"line":45,"column":39}}},"7":{"name":"(anonymous_7)","line":49,"loc":{"start":{"line":49,"column":11},"end":{"line":49,"column":28}}},"8":{"name":"(anonymous_8)","line":50,"loc":{"start":{"line":50,"column":42},"end":{"line":50,"column":56}}},"9":{"name":"(anonymous_9)","line":83,"loc":{"start":{"line":83,"column":14},"end":{"line":83,"column":27}}},"10":{"name":"(anonymous_10)","line":88,"loc":{"start":{"line":88,"column":33},"end":{"line":88,"column":47}}},"11":{"name":"(anonymous_11)","line":94,"loc":{"start":{"line":94,"column":28},"end":{"line":94,"column":54}}},"12":{"name":"(anonymous_12)","line":95,"loc":{"start":{"line":95,"column":35},"end":{"line":95,"column":49}}},"13":{"name":"(anonymous_13)","line":107,"loc":{"start":{"line":107,"column":65},"end":{"line":107,"column":85}}},"14":{"name":"(anonymous_14)","line":109,"loc":{"start":{"line":109,"column":24},"end":{"line":109,"column":35}}},"15":{"name":"(anonymous_15)","line":113,"loc":{"start":{"line":113,"column":34},"end":{"line":113,"column":48}}}},"statementMap":{"1":{"start":{"line":6,"column":0},"end":{"line":6,"column":26}},"2":{"start":{"line":7,"column":0},"end":{"line":7,"column":35}},"3":{"start":{"line":8,"column":0},"end":{"line":8,"column":35}},"4":{"start":{"line":9,"column":0},"end":{"line":9,"column":53}},"5":{"start":{"line":10,"column":0},"end":{"line":10,"column":55}},"6":{"start":{"line":21,"column":0},"end":{"line":134,"column":2}},"7":{"start":{"line":27,"column":2},"end":{"line":103,"column":4}},"8":{"start":{"line":30,"column":6},"end":{"line":30,"column":56}},"9":{"start":{"line":34,"column":6},"end":{"line":34,"column":65}},"10":{"start":{"line":38,"column":6},"end":{"line":38,"column":59}},"11":{"start":{"line":42,"column":6},"end":{"line":42,"column":60}},"12":{"start":{"line":46,"column":6},"end":{"line":46,"column":63}},"13":{"start":{"line":50,"column":6},"end":{"line":70,"column":9}},"14":{"start":{"line":51,"column":8},"end":{"line":51,"column":49}},"15":{"start":{"line":54,"column":8},"end":{"line":61,"column":9}},"16":{"start":{"line":55,"column":10},"end":{"line":55,"column":47}},"17":{"start":{"line":55,"column":40},"end":{"line":55,"column":47}},"18":{"start":{"line":56,"column":10},"end":{"line":60,"column":11}},"19":{"start":{"line":57,"column":12},"end":{"line":57,"column":50}},"20":{"start":{"line":59,"column":12},"end":{"line":59,"column":19}},"21":{"start":{"line":64,"column":8},"end":{"line":68,"column":9}},"22":{"start":{"line":65,"column":10},"end":{"line":65,"column":32}},"23":{"start":{"line":66,"column":10},"end":{"line":66,"column":45}},"24":{"start":{"line":66,"column":25},"end":{"line":66,"column":45}},"25":{"start":{"line":67,"column":10},"end":{"line":67,"column":44}},"26":{"start":{"line":67,"column":25},"end":{"line":67,"column":44}},"27":{"start":{"line":85,"column":6},"end":{"line":85,"column":35}},"28":{"start":{"line":87,"column":6},"end":{"line":100,"column":7}},"29":{"start":{"line":88,"column":8},"end":{"line":91,"column":11}},"30":{"start":{"line":89,"column":10},"end":{"line":89,"column":34}},"31":{"start":{"line":89,"column":19},"end":{"line":89,"column":34}},"32":{"start":{"line":90,"column":10},"end":{"line":90,"column":15}},"33":{"start":{"line":92,"column":8},"end":{"line":92,"column":15}},"34":{"start":{"line":94,"column":8},"end":{"line":99,"column":11}},"35":{"start":{"line":95,"column":10},"end":{"line":98,"column":13}},"36":{"start":{"line":96,"column":12},"end":{"line":96,"column":40}},"37":{"start":{"line":96,"column":21},"end":{"line":96,"column":40}},"38":{"start":{"line":97,"column":12},"end":{"line":97,"column":22}},"39":{"start":{"line":107,"column":2},"end":{"line":107,"column":130}},"40":{"start":{"line":107,"column":86},"end":{"line":107,"column":126}},"41":{"start":{"line":109,"column":2},"end":{"line":126,"column":4}},"42":{"start":{"line":110,"column":4},"end":{"line":110,"column":30}},"43":{"start":{"line":112,"column":4},"end":{"line":116,"column":5}},"44":{"start":{"line":113,"column":6},"end":{"line":115,"column":9}},"45":{"start":{"line":114,"column":8},"end":{"line":114,"column":24}},"46":{"start":{"line":125,"column":4},"end":{"line":125,"column":15}},"47":{"start":{"line":128,"column":2},"end":{"line":128,"column":49}},"48":{"start":{"line":130,"column":2},"end":{"line":130,"column":38}},"49":{"start":{"line":133,"column":2},"end":{"line":133,"column":15}}},"branchMap":{"1":{"line":54,"type":"if","locations":[{"start":{"line":54,"column":8},"end":{"line":54,"column":8}},{"start":{"line":54,"column":8},"end":{"line":54,"column":8}}]},"2":{"line":54,"type":"binary-expr","locations":[{"start":{"line":54,"column":12},"end":{"line":54,"column":28}},{"start":{"line":54,"column":32},"end":{"line":54,"column":47}}]},"3":{"line":55,"type":"if","locations":[{"start":{"line":55,"column":10},"end":{"line":55,"column":10}},{"start":{"line":55,"column":10},"end":{"line":55,"column":10}}]},"4":{"line":64,"type":"if","locations":[{"start":{"line":64,"column":8},"end":{"line":64,"column":8}},{"start":{"line":64,"column":8},"end":{"line":64,"column":8}}]},"5":{"line":66,"type":"if","locations":[{"start":{"line":66,"column":10},"end":{"line":66,"column":10}},{"start":{"line":66,"column":10},"end":{"line":66,"column":10}}]},"6":{"line":67,"type":"if","locations":[{"start":{"line":67,"column":10},"end":{"line":67,"column":10}},{"start":{"line":67,"column":10},"end":{"line":67,"column":10}}]},"7":{"line":87,"type":"if","locations":[{"start":{"line":87,"column":6},"end":{"line":87,"column":6}},{"start":{"line":87,"column":6},"end":{"line":87,"column":6}}]},"8":{"line":89,"type":"if","locations":[{"start":{"line":89,"column":10},"end":{"line":89,"column":10}},{"start":{"line":89,"column":10},"end":{"line":89,"column":10}}]},"9":{"line":96,"type":"if","locations":[{"start":{"line":96,"column":12},"end":{"line":96,"column":12}},{"start":{"line":96,"column":12},"end":{"line":96,"column":12}}]},"10":{"line":107,"type":"cond-expr","locations":[{"start":{"line":107,"column":110},"end":{"line":107,"column":113}},{"start":{"line":107,"column":116},"end":{"line":107,"column":125}}]},"11":{"line":112,"type":"if","locations":[{"start":{"line":112,"column":4},"end":{"line":112,"column":4}},{"start":{"line":112,"column":4},"end":{"line":112,"column":4}}]}}},"/Users/mmiller/Repos/waterline/lib/waterline/model/lib/model.js":{"path":"/Users/mmiller/Repos/waterline/lib/waterline/model/lib/model.js","s":{"1":2,"2":2,"3":2,"4":2,"5":358,"6":358,"7":358,"8":358,"9":358,"10":358,"11":358,"12":724,"13":724,"14":35,"15":358,"16":358,"17":0,"18":0,"19":0,"20":0,"21":358,"22":2},"b":{"1":[358,4],"2":[358,247],"3":[35,689],"4":[0,0]},"f":{"1":358,"2":0},"fnMap":{"1":{"name":"(anonymous_1)","line":25,"loc":{"start":{"line":25,"column":29},"end":{"line":25,"column":54}}},"2":{"name":"(anonymous_2)","line":67,"loc":{"start":{"line":67,"column":11},"end":{"line":67,"column":22}}}},"statementMap":{"1":{"start":{"line":6,"column":0},"end":{"line":6,"column":43}},"2":{"start":{"line":7,"column":0},"end":{"line":7,"column":26}},"3":{"start":{"line":8,"column":0},"end":{"line":8,"column":27}},"4":{"start":{"line":25,"column":0},"end":{"line":78,"column":2}},"5":{"start":{"line":26,"column":2},"end":{"line":26,"column":18}},"6":{"start":{"line":28,"column":2},"end":{"line":28,"column":22}},"7":{"start":{"line":29,"column":2},"end":{"line":29,"column":26}},"8":{"start":{"line":32,"column":2},"end":{"line":36,"column":5}},"9":{"start":{"line":39,"column":2},"end":{"line":39,"column":20}},"10":{"start":{"line":42,"column":2},"end":{"line":42,"column":29}},"11":{"start":{"line":45,"column":2},"end":{"line":51,"column":3}},"12":{"start":{"line":46,"column":4},"end":{"line":46,"column":27}},"13":{"start":{"line":48,"column":4},"end":{"line":50,"column":5}},"14":{"start":{"line":49,"column":6},"end":{"line":49,"column":60}},"15":{"start":{"line":54,"column":2},"end":{"line":54,"column":32}},"16":{"start":{"line":63,"column":2},"end":{"line":75,"column":5}},"17":{"start":{"line":68,"column":6},"end":{"line":68,"column":17}},"18":{"start":{"line":69,"column":6},"end":{"line":71,"column":20}},"19":{"start":{"line":70,"column":8},"end":{"line":70,"column":33}},"20":{"start":{"line":73,"column":6},"end":{"line":73,"column":50}},"21":{"start":{"line":77,"column":2},"end":{"line":77,"column":14}},"22":{"start":{"line":81,"column":0},"end":{"line":81,"column":22}}},"branchMap":{"1":{"line":28,"type":"binary-expr","locations":[{"start":{"line":28,"column":10},"end":{"line":28,"column":15}},{"start":{"line":28,"column":19},"end":{"line":28,"column":21}}]},"2":{"line":29,"type":"binary-expr","locations":[{"start":{"line":29,"column":12},"end":{"line":29,"column":19}},{"start":{"line":29,"column":23},"end":{"line":29,"column":25}}]},"3":{"line":48,"type":"if","locations":[{"start":{"line":48,"column":4},"end":{"line":48,"column":4}},{"start":{"line":48,"column":4},"end":{"line":48,"column":4}}]},"4":{"line":73,"type":"cond-expr","locations":[{"start":{"line":73,"column":22},"end":{"line":73,"column":42}},{"start":{"line":73,"column":45},"end":{"line":73,"column":49}}]}}},"/Users/mmiller/Repos/waterline/lib/waterline/model/lib/defaultMethods/index.js":{"path":"/Users/mmiller/Repos/waterline/lib/waterline/model/lib/defaultMethods/index.js","s":{"1":2},"b":{},"f":{},"fnMap":{},"statementMap":{"1":{"start":{"line":6,"column":0},"end":{"line":10,"column":2}}},"branchMap":{}},"/Users/mmiller/Repos/waterline/lib/waterline/model/lib/defaultMethods/toObject.js":{"path":"/Users/mmiller/Repos/waterline/lib/waterline/model/lib/defaultMethods/toObject.js","s":{"1":2,"2":2,"3":2,"4":2,"5":191,"6":191,"7":191,"8":191,"9":191,"10":191,"11":191,"12":191,"13":191,"14":191,"15":191,"16":191,"17":191,"18":0,"19":0,"20":0,"21":0,"22":2,"23":191,"24":191,"25":0,"26":191,"27":127,"28":64,"29":88,"30":88,"31":88,"32":88,"33":100,"34":0,"35":100,"36":0,"37":100,"38":100,"39":110,"40":100,"41":88,"42":88,"43":0,"44":0,"45":0,"46":0,"47":0,"48":0,"49":0,"50":0,"51":2,"52":191,"53":191,"54":662,"55":88,"56":574,"57":2,"58":191,"59":191,"60":0,"61":191,"62":127,"63":64,"64":88,"65":44,"66":44,"67":44,"68":0,"69":44,"70":44,"71":44,"72":42,"73":2,"74":2,"75":2,"76":2,"77":0,"78":0,"79":0,"80":2,"81":2,"82":0,"83":0,"84":0,"85":0,"86":0,"87":0,"88":0,"89":0,"90":2,"91":191,"92":191,"93":191,"94":843,"95":597,"96":246,"97":0,"98":0,"99":246,"100":158,"101":145,"102":246,"103":44,"104":42,"105":42,"106":2,"107":191,"108":475,"109":0},"b":{"1":[0,191],"2":[127,64],"3":[88,0],"4":[0,100],"5":[0,100],"6":[0,0],"7":[0,0],"8":[0,0],"9":[88,574],"10":[0,191],"11":[127,64],"12":[44,44],"13":[88,88],"14":[0,44],"15":[44,0],"16":[42,2],"17":[44,42],"18":[2,0],"19":[0,0],"20":[0,0],"21":[0,0],"22":[0,0],"23":[597,246],"24":[843,830],"25":[0,246],"26":[246,0],"27":[158,88],"28":[246,246],"29":[145,13],"30":[44,202],"31":[246,246],"32":[42,2],"33":[42,0],"34":[0,475]},"f":{"1":191,"2":191,"3":100,"4":110,"5":0,"6":191,"7":662,"8":191,"9":88,"10":0,"11":191,"12":191},"fnMap":{"1":{"name":"(anonymous_1)","line":23,"loc":{"start":{"line":23,"column":32},"end":{"line":23,"column":57}}},"2":{"name":"(anonymous_2)","line":72,"loc":{"start":{"line":72,"column":37},"end":{"line":72,"column":48}}},"3":{"name":"(anonymous_3)","line":87,"loc":{"start":{"line":87,"column":21},"end":{"line":87,"column":38}}},"4":{"name":"(anonymous_4)","line":92,"loc":{"start":{"line":92,"column":36},"end":{"line":92,"column":50}}},"5":{"name":"(anonymous_5)","line":110,"loc":{"start":{"line":110,"column":34},"end":{"line":110,"column":48}}},"6":{"name":"(anonymous_6)","line":129,"loc":{"start":{"line":129,"column":35},"end":{"line":129,"column":46}}},"7":{"name":"(anonymous_7)","line":132,"loc":{"start":{"line":132,"column":34},"end":{"line":132,"column":48}}},"8":{"name":"(anonymous_8)","line":147,"loc":{"start":{"line":147,"column":32},"end":{"line":147,"column":43}}},"9":{"name":"(anonymous_9)","line":154,"loc":{"start":{"line":154,"column":47},"end":{"line":154,"column":69}}},"10":{"name":"(anonymous_10)","line":172,"loc":{"start":{"line":172,"column":39},"end":{"line":172,"column":54}}},"11":{"name":"(anonymous_11)","line":202,"loc":{"start":{"line":202,"column":33},"end":{"line":202,"column":44}}},"12":{"name":"(anonymous_12)","line":238,"loc":{"start":{"line":238,"column":37},"end":{"line":238,"column":48}}}},"statementMap":{"1":{"start":{"line":6,"column":0},"end":{"line":6,"column":26}},"2":{"start":{"line":7,"column":0},"end":{"line":7,"column":46}},"3":{"start":{"line":8,"column":0},"end":{"line":8,"column":49}},"4":{"start":{"line":23,"column":0},"end":{"line":60,"column":2}},"5":{"start":{"line":25,"column":2},"end":{"line":25,"column":18}},"6":{"start":{"line":27,"column":2},"end":{"line":27,"column":25}},"7":{"start":{"line":28,"column":2},"end":{"line":28,"column":21}},"8":{"start":{"line":31,"column":2},"end":{"line":31,"column":22}},"9":{"start":{"line":34,"column":2},"end":{"line":34,"column":19}},"10":{"start":{"line":37,"column":2},"end":{"line":37,"column":25}},"11":{"start":{"line":38,"column":2},"end":{"line":38,"column":23}},"12":{"start":{"line":39,"column":2},"end":{"line":39,"column":20}},"13":{"start":{"line":40,"column":2},"end":{"line":40,"column":21}},"14":{"start":{"line":41,"column":2},"end":{"line":41,"column":25}},"15":{"start":{"line":46,"column":2},"end":{"line":59,"column":3}},"16":{"start":{"line":49,"column":4},"end":{"line":49,"column":55}},"17":{"start":{"line":51,"column":4},"end":{"line":51,"column":16}},"18":{"start":{"line":55,"column":4},"end":{"line":55,"column":26}},"19":{"start":{"line":56,"column":4},"end":{"line":56,"column":73}},"20":{"start":{"line":57,"column":4},"end":{"line":57,"column":27}},"21":{"start":{"line":58,"column":4},"end":{"line":58,"column":14}},"22":{"start":{"line":72,"column":0},"end":{"line":119,"column":2}},"23":{"start":{"line":73,"column":2},"end":{"line":73,"column":18}},"24":{"start":{"line":75,"column":2},"end":{"line":75,"column":38}},"25":{"start":{"line":75,"column":31},"end":{"line":75,"column":38}},"26":{"start":{"line":76,"column":2},"end":{"line":76,"column":48}},"27":{"start":{"line":76,"column":41},"end":{"line":76,"column":48}},"28":{"start":{"line":79,"column":2},"end":{"line":118,"column":3}},"29":{"start":{"line":82,"column":4},"end":{"line":100,"column":5}},"30":{"start":{"line":84,"column":6},"end":{"line":84,"column":23}},"31":{"start":{"line":85,"column":6},"end":{"line":85,"column":62}},"32":{"start":{"line":87,"column":6},"end":{"line":96,"column":9}},"33":{"start":{"line":88,"column":8},"end":{"line":88,"column":47}},"34":{"start":{"line":88,"column":40},"end":{"line":88,"column":47}},"35":{"start":{"line":90,"column":8},"end":{"line":90,"column":36}},"36":{"start":{"line":90,"column":29},"end":{"line":90,"column":36}},"37":{"start":{"line":91,"column":8},"end":{"line":91,"column":51}},"38":{"start":{"line":92,"column":8},"end":{"line":94,"column":11}},"39":{"start":{"line":93,"column":10},"end":{"line":93,"column":47}},"40":{"start":{"line":95,"column":8},"end":{"line":95,"column":27}},"41":{"start":{"line":98,"column":6},"end":{"line":98,"column":41}},"42":{"start":{"line":99,"column":6},"end":{"line":99,"column":15}},"43":{"start":{"line":103,"column":4},"end":{"line":103,"column":41}},"44":{"start":{"line":106,"column":4},"end":{"line":117,"column":5}},"45":{"start":{"line":108,"column":6},"end":{"line":108,"column":49}},"46":{"start":{"line":110,"column":6},"end":{"line":112,"column":9}},"47":{"start":{"line":111,"column":8},"end":{"line":111,"column":45}},"48":{"start":{"line":114,"column":6},"end":{"line":114,"column":38}},"49":{"start":{"line":115,"column":11},"end":{"line":117,"column":5}},"50":{"start":{"line":116,"column":6},"end":{"line":116,"column":40}},"51":{"start":{"line":129,"column":0},"end":{"line":137,"column":2}},"52":{"start":{"line":130,"column":2},"end":{"line":130,"column":18}},"53":{"start":{"line":132,"column":2},"end":{"line":135,"column":5}},"54":{"start":{"line":133,"column":4},"end":{"line":133,"column":49}},"55":{"start":{"line":133,"column":42},"end":{"line":133,"column":49}},"56":{"start":{"line":134,"column":4},"end":{"line":134,"column":52}},"57":{"start":{"line":147,"column":0},"end":{"line":194,"column":2}},"58":{"start":{"line":148,"column":2},"end":{"line":148,"column":18}},"59":{"start":{"line":150,"column":2},"end":{"line":150,"column":38}},"60":{"start":{"line":150,"column":31},"end":{"line":150,"column":38}},"61":{"start":{"line":151,"column":2},"end":{"line":151,"column":48}},"62":{"start":{"line":151,"column":41},"end":{"line":151,"column":48}},"63":{"start":{"line":154,"column":2},"end":{"line":192,"column":5}},"64":{"start":{"line":157,"column":4},"end":{"line":157,"column":73}},"65":{"start":{"line":157,"column":66},"end":{"line":157,"column":73}},"66":{"start":{"line":160,"column":4},"end":{"line":160,"column":32}},"67":{"start":{"line":161,"column":4},"end":{"line":161,"column":123}},"68":{"start":{"line":161,"column":53},"end":{"line":161,"column":123}},"69":{"start":{"line":162,"column":4},"end":{"line":162,"column":133}},"70":{"start":{"line":162,"column":58},"end":{"line":162,"column":133}},"71":{"start":{"line":165,"column":4},"end":{"line":165,"column":125}},"72":{"start":{"line":165,"column":118},"end":{"line":165,"column":125}},"73":{"start":{"line":166,"column":4},"end":{"line":166,"column":37}},"74":{"start":{"line":169,"column":4},"end":{"line":179,"column":5}},"75":{"start":{"line":170,"column":6},"end":{"line":170,"column":23}},"76":{"start":{"line":172,"column":6},"end":{"line":175,"column":9}},"77":{"start":{"line":173,"column":8},"end":{"line":173,"column":62}},"78":{"start":{"line":173,"column":55},"end":{"line":173,"column":62}},"79":{"start":{"line":174,"column":8},"end":{"line":174,"column":36}},"80":{"start":{"line":177,"column":6},"end":{"line":177,"column":41}},"81":{"start":{"line":178,"column":6},"end":{"line":178,"column":13}},"82":{"start":{"line":181,"column":4},"end":{"line":181,"column":42}},"83":{"start":{"line":181,"column":35},"end":{"line":181,"column":42}},"84":{"start":{"line":185,"column":4},"end":{"line":188,"column":5}},"85":{"start":{"line":186,"column":6},"end":{"line":186,"column":58}},"86":{"start":{"line":187,"column":6},"end":{"line":187,"column":13}},"87":{"start":{"line":190,"column":4},"end":{"line":190,"column":78}},"88":{"start":{"line":190,"column":71},"end":{"line":190,"column":78}},"89":{"start":{"line":191,"column":4},"end":{"line":191,"column":65}},"90":{"start":{"line":202,"column":0},"end":{"line":230,"column":2}},"91":{"start":{"line":203,"column":2},"end":{"line":203,"column":44}},"92":{"start":{"line":204,"column":2},"end":{"line":204,"column":42}},"93":{"start":{"line":206,"column":2},"end":{"line":229,"column":3}},"94":{"start":{"line":207,"column":4},"end":{"line":207,"column":122}},"95":{"start":{"line":207,"column":113},"end":{"line":207,"column":122}},"96":{"start":{"line":210,"column":4},"end":{"line":213,"column":5}},"97":{"start":{"line":211,"column":6},"end":{"line":211,"column":36}},"98":{"start":{"line":212,"column":6},"end":{"line":212,"column":15}},"99":{"start":{"line":216,"column":4},"end":{"line":220,"column":5}},"100":{"start":{"line":219,"column":6},"end":{"line":219,"column":70}},"101":{"start":{"line":219,"column":40},"end":{"line":219,"column":70}},"102":{"start":{"line":222,"column":4},"end":{"line":228,"column":5}},"103":{"start":{"line":223,"column":6},"end":{"line":227,"column":7}},"104":{"start":{"line":226,"column":8},"end":{"line":226,"column":72}},"105":{"start":{"line":226,"column":42},"end":{"line":226,"column":72}},"106":{"start":{"line":238,"column":0},"end":{"line":244,"column":2}},"107":{"start":{"line":239,"column":2},"end":{"line":243,"column":3}},"108":{"start":{"line":240,"column":4},"end":{"line":242,"column":5}},"109":{"start":{"line":241,"column":6},"end":{"line":241,"column":30}}},"branchMap":{"1":{"line":75,"type":"if","locations":[{"start":{"line":75,"column":2},"end":{"line":75,"column":2}},{"start":{"line":75,"column":2},"end":{"line":75,"column":2}}]},"2":{"line":76,"type":"if","locations":[{"start":{"line":76,"column":2},"end":{"line":76,"column":2}},{"start":{"line":76,"column":2},"end":{"line":76,"column":2}}]},"3":{"line":82,"type":"if","locations":[{"start":{"line":82,"column":4},"end":{"line":82,"column":4}},{"start":{"line":82,"column":4},"end":{"line":82,"column":4}}]},"4":{"line":88,"type":"if","locations":[{"start":{"line":88,"column":8},"end":{"line":88,"column":8}},{"start":{"line":88,"column":8},"end":{"line":88,"column":8}}]},"5":{"line":90,"type":"if","locations":[{"start":{"line":90,"column":8},"end":{"line":90,"column":8}},{"start":{"line":90,"column":8},"end":{"line":90,"column":8}}]},"6":{"line":106,"type":"if","locations":[{"start":{"line":106,"column":4},"end":{"line":106,"column":4}},{"start":{"line":106,"column":4},"end":{"line":106,"column":4}}]},"7":{"line":106,"type":"binary-expr","locations":[{"start":{"line":106,"column":8},"end":{"line":106,"column":26}},{"start":{"line":106,"column":30},"end":{"line":106,"column":52}}]},"8":{"line":115,"type":"if","locations":[{"start":{"line":115,"column":11},"end":{"line":115,"column":11}},{"start":{"line":115,"column":11},"end":{"line":115,"column":11}}]},"9":{"line":133,"type":"if","locations":[{"start":{"line":133,"column":4},"end":{"line":133,"column":4}},{"start":{"line":133,"column":4},"end":{"line":133,"column":4}}]},"10":{"line":150,"type":"if","locations":[{"start":{"line":150,"column":2},"end":{"line":150,"column":2}},{"start":{"line":150,"column":2},"end":{"line":150,"column":2}}]},"11":{"line":151,"type":"if","locations":[{"start":{"line":151,"column":2},"end":{"line":151,"column":2}},{"start":{"line":151,"column":2},"end":{"line":151,"column":2}}]},"12":{"line":157,"type":"if","locations":[{"start":{"line":157,"column":4},"end":{"line":157,"column":4}},{"start":{"line":157,"column":4},"end":{"line":157,"column":4}}]},"13":{"line":157,"type":"binary-expr","locations":[{"start":{"line":157,"column":8},"end":{"line":157,"column":31}},{"start":{"line":157,"column":35},"end":{"line":157,"column":64}}]},"14":{"line":161,"type":"if","locations":[{"start":{"line":161,"column":4},"end":{"line":161,"column":4}},{"start":{"line":161,"column":4},"end":{"line":161,"column":4}}]},"15":{"line":162,"type":"if","locations":[{"start":{"line":162,"column":4},"end":{"line":162,"column":4}},{"start":{"line":162,"column":4},"end":{"line":162,"column":4}}]},"16":{"line":165,"type":"if","locations":[{"start":{"line":165,"column":4},"end":{"line":165,"column":4}},{"start":{"line":165,"column":4},"end":{"line":165,"column":4}}]},"17":{"line":165,"type":"binary-expr","locations":[{"start":{"line":165,"column":8},"end":{"line":165,"column":59}},{"start":{"line":165,"column":63},"end":{"line":165,"column":116}}]},"18":{"line":169,"type":"if","locations":[{"start":{"line":169,"column":4},"end":{"line":169,"column":4}},{"start":{"line":169,"column":4},"end":{"line":169,"column":4}}]},"19":{"line":173,"type":"if","locations":[{"start":{"line":173,"column":8},"end":{"line":173,"column":8}},{"start":{"line":173,"column":8},"end":{"line":173,"column":8}}]},"20":{"line":181,"type":"if","locations":[{"start":{"line":181,"column":4},"end":{"line":181,"column":4}},{"start":{"line":181,"column":4},"end":{"line":181,"column":4}}]},"21":{"line":185,"type":"if","locations":[{"start":{"line":185,"column":4},"end":{"line":185,"column":4}},{"start":{"line":185,"column":4},"end":{"line":185,"column":4}}]},"22":{"line":190,"type":"if","locations":[{"start":{"line":190,"column":4},"end":{"line":190,"column":4}},{"start":{"line":190,"column":4},"end":{"line":190,"column":4}}]},"23":{"line":207,"type":"if","locations":[{"start":{"line":207,"column":4},"end":{"line":207,"column":4}},{"start":{"line":207,"column":4},"end":{"line":207,"column":4}}]},"24":{"line":207,"type":"binary-expr","locations":[{"start":{"line":207,"column":8},"end":{"line":207,"column":55}},{"start":{"line":207,"column":59},"end":{"line":207,"column":111}}]},"25":{"line":210,"type":"if","locations":[{"start":{"line":210,"column":4},"end":{"line":210,"column":4}},{"start":{"line":210,"column":4},"end":{"line":210,"column":4}}]},"26":{"line":210,"type":"binary-expr","locations":[{"start":{"line":210,"column":8},"end":{"line":210,"column":19}},{"start":{"line":210,"column":23},"end":{"line":210,"column":74}}]},"27":{"line":216,"type":"if","locations":[{"start":{"line":216,"column":4},"end":{"line":216,"column":4}},{"start":{"line":216,"column":4},"end":{"line":216,"column":4}}]},"28":{"line":216,"type":"binary-expr","locations":[{"start":{"line":216,"column":8},"end":{"line":216,"column":18}},{"start":{"line":216,"column":22},"end":{"line":216,"column":43}}]},"29":{"line":219,"type":"if","locations":[{"start":{"line":219,"column":6},"end":{"line":219,"column":6}},{"start":{"line":219,"column":6},"end":{"line":219,"column":6}}]},"30":{"line":222,"type":"if","locations":[{"start":{"line":222,"column":4},"end":{"line":222,"column":4}},{"start":{"line":222,"column":4},"end":{"line":222,"column":4}}]},"31":{"line":222,"type":"binary-expr","locations":[{"start":{"line":222,"column":8},"end":{"line":222,"column":18}},{"start":{"line":222,"column":22},"end":{"line":222,"column":38}}]},"32":{"line":223,"type":"if","locations":[{"start":{"line":223,"column":6},"end":{"line":223,"column":6}},{"start":{"line":223,"column":6},"end":{"line":223,"column":6}}]},"33":{"line":226,"type":"if","locations":[{"start":{"line":226,"column":8},"end":{"line":226,"column":8}},{"start":{"line":226,"column":8},"end":{"line":226,"column":8}}]},"34":{"line":240,"type":"if","locations":[{"start":{"line":240,"column":4},"end":{"line":240,"column":4}},{"start":{"line":240,"column":4},"end":{"line":240,"column":4}}]}}},"/Users/mmiller/Repos/waterline/lib/waterline/model/lib/defaultMethods/destroy.js":{"path":"/Users/mmiller/Repos/waterline/lib/waterline/model/lib/defaultMethods/destroy.js","s":{"1":2,"2":2,"3":2,"4":2,"5":2,"6":3,"7":3,"8":3,"9":1,"10":3,"11":3,"12":3,"13":3,"14":3,"15":0,"16":0,"17":0,"18":0,"19":3,"20":0,"21":0,"22":0,"23":0,"24":3,"25":3,"26":3,"27":3,"28":0,"29":0,"30":0,"31":3,"32":1,"33":3,"34":3,"35":1,"36":2,"37":3,"38":3,"39":9,"40":3,"41":3,"42":3,"43":0,"44":3},"b":{"1":[1,2],"2":[3,1],"3":[0,3],"4":[0,0],"5":[0,3],"6":[0,0],"7":[0,3],"8":[0,0],"9":[1,2],"10":[1,2],"11":[3,6],"12":[9,3],"13":[0,3],"14":[3,0]},"f":{"1":1,"2":3,"3":3,"4":3},"fnMap":{"1":{"name":"(anonymous_1)","line":9,"loc":{"start":{"line":9,"column":11},"end":{"line":9,"column":22}}},"2":{"name":"(anonymous_2)","line":23,"loc":{"start":{"line":23,"column":31},"end":{"line":23,"column":60}}},"3":{"name":"(anonymous_3)","line":65,"loc":{"start":{"line":65,"column":28},"end":{"line":65,"column":50}}},"4":{"name":"(anonymous_4)","line":95,"loc":{"start":{"line":95,"column":35},"end":{"line":95,"column":64}}}},"statementMap":{"1":{"start":{"line":6,"column":0},"end":{"line":6,"column":46}},"2":{"start":{"line":7,"column":0},"end":{"line":7,"column":49}},"3":{"start":{"line":8,"column":0},"end":{"line":8,"column":44}},"4":{"start":{"line":9,"column":0},"end":{"line":9,"column":25}},"5":{"start":{"line":23,"column":0},"end":{"line":85,"column":2}},"6":{"start":{"line":25,"column":2},"end":{"line":25,"column":15}},"7":{"start":{"line":26,"column":2},"end":{"line":26,"column":10}},"8":{"start":{"line":28,"column":2},"end":{"line":30,"column":3}},"9":{"start":{"line":29,"column":4},"end":{"line":29,"column":23}},"10":{"start":{"line":32,"column":2},"end":{"line":32,"column":18}},"11":{"start":{"line":34,"column":2},"end":{"line":34,"column":32}},"12":{"start":{"line":35,"column":2},"end":{"line":35,"column":73}},"13":{"start":{"line":36,"column":2},"en
[...]
","line":216,"loc":{"start":{"line":216,"column":44},"end":{"line":216,"column":89}}},"10":{"name":"buildJoin","line":235,"loc":{"start":{"line":235,"column":0},"end":{"line":235,"column":21}}},"11":{"name":"(anonymous_11)","line":243,"loc":{"start":{"line":243,"column":40},"end":{"line":243,"column":54}}},"12":{"name":"associationQueryCriteria","line":275,"loc":{"start":{"line":275,"column":0},"end":{"line":275,"column":60}}}},"statementMap":{"1":{"start":{"line":7,"column":0},"end":{"line":7,"column":26}},"2":{"start":{"line":8,"column":0},"end":{"line":8,"column":51}},"3":{"start":{"line":9,"column":0},"end":{"line":9,"column":43}},"4":{"start":{"line":10,"column":0},"end":{"line":10,"column":49}},"5":{"start":{"line":11,"column":0},"end":{"line":11,"column":49}},"6":{"start":{"line":13,"column":0},"end":{"line":13,"column":33}},"7":{"start":{"line":22,"column":0},"end":{"line":51,"column":2}},"8":{"start":{"line":23,"column":2},"end":{"line":23,"column":18}},"9":{"start":{"line":26,"column":2},"end":{"line":50,"column":5}},"10":{"start":{"line":29,"column":4},"end":{"line":34,"column":5}},"11":{"start":{"line":30,"column":6},"end":{"line":32,"column":7}},"12":{"start":{"line":31,"column":8},"end":{"line":31,"column":50}},"13":{"start":{"line":33,"column":6},"end":{"line":33,"column":13}},"14":{"start":{"line":36,"column":4},"end":{"line":37,"column":63}},"15":{"start":{"line":39,"column":4},"end":{"line":39,"column":70}},"16":{"start":{"line":42,"column":4},"end":{"line":49,"column":5}},"17":{"start":{"line":43,"column":6},"end":{"line":45,"column":9}},"18":{"start":{"line":44,"column":8},"end":{"line":44,"column":53}},"19":{"start":{"line":46,"column":6},"end":{"line":48,"column":9}},"20":{"start":{"line":47,"column":8},"end":{"line":47,"column":59}},"21":{"start":{"line":65,"column":0},"end":{"line":168,"column":2}},"22":{"start":{"line":66,"column":2},"end":{"line":66,"column":18}},"23":{"start":{"line":67,"column":2},"end":{"line":67,"column":15}},"24":{"start":{"line":70,"column":2},"end":{"line":70,"column":80}},"25":{"start":{"line":73,"column":2},"end":{"line":73,"column":65}},"26":{"start":{"line":76,"column":2},"end":{"line":167,"column":4}},"27":{"start":{"line":78,"column":4},"end":{"line":81,"column":5}},"28":{"start":{"line":79,"column":6},"end":{"line":79,"column":19}},"29":{"start":{"line":80,"column":6},"end":{"line":80,"column":21}},"30":{"start":{"line":83,"column":4},"end":{"line":83,"column":28}},"31":{"start":{"line":85,"column":4},"end":{"line":85,"column":108}},"32":{"start":{"line":87,"column":4},"end":{"line":87,"column":90}},"33":{"start":{"line":87,"column":38},"end":{"line":87,"column":90}},"34":{"start":{"line":88,"column":4},"end":{"line":88,"column":123}},"35":{"start":{"line":88,"column":23},"end":{"line":88,"column":123}},"36":{"start":{"line":91,"column":4},"end":{"line":91,"column":23}},"37":{"start":{"line":92,"column":4},"end":{"line":92,"column":36}},"38":{"start":{"line":94,"column":4},"end":{"line":166,"column":5}},"39":{"start":{"line":104,"column":8},"end":{"line":104,"column":41}},"40":{"start":{"line":107,"column":8},"end":{"line":111,"column":11}},"41":{"start":{"line":113,"column":8},"end":{"line":113,"column":42}},"42":{"start":{"line":123,"column":8},"end":{"line":123,"column":38}},"43":{"start":{"line":126,"column":8},"end":{"line":130,"column":11}},"44":{"start":{"line":132,"column":8},"end":{"line":132,"column":39}},"45":{"start":{"line":142,"column":8},"end":{"line":142,"column":39}},"46":{"start":{"line":145,"column":8},"end":{"line":149,"column":11}},"47":{"start":{"line":151,"column":8},"end":{"line":151,"column":40}},"48":{"start":{"line":159,"column":8},"end":{"line":159,"column":44}},"49":{"start":{"line":162,"column":8},"end":{"line":162,"column":42}},"50":{"start":{"line":165,"column":8},"end":{"line":165,"column":42}},"51":{"start":{"line":180,"column":0},"end":{"line":228,"column":2}},"52":{"start":{"line":181,"column":2},"end":{"line":181,"column":18}},"53":{"start":{"line":182,"column":2},"end":{"line":182,"column":18}},"54":{"start":{"line":186,"column":2},"end":{"line":197,"column":3}},"55":{"start":{"line":189,"column":4},"end":{"line":189,"column":38}},"56":{"start":{"line":191,"column":4},"end":{"line":191,"column":50}},"57":{"start":{"line":191,"column":41},"end":{"line":191,"column":50}},"58":{"start":{"line":193,"column":4},"end":{"line":196,"column":5}},"59":{"start":{"line":194,"column":6},"end":{"line":194,"column":17}},"60":{"start":{"line":195,"column":6},"end":{"line":195,"column":26}},"61":{"start":{"line":199,"column":2},"end":{"line":199,"column":30}},"62":{"start":{"line":199,"column":23},"end":{"line":199,"column":30}},"63":{"start":{"line":202,"column":2},"end":{"line":213,"column":4}},"64":{"start":{"line":205,"column":4},"end":{"line":206,"column":30}},"65":{"start":{"line":208,"column":4},"end":{"line":208,"column":90}},"66":{"start":{"line":208,"column":38},"end":{"line":208,"column":90}},"67":{"start":{"line":209,"column":4},"end":{"line":209,"column":89}},"68":{"start":{"line":209,"column":37},"end":{"line":209,"column":89}},"69":{"start":{"line":211,"column":4},"end":{"line":211,"column":67}},"70":{"start":{"line":212,"column":4},"end":{"line":212,"column":38}},"71":{"start":{"line":216,"column":2},"end":{"line":227,"column":4}},"72":{"start":{"line":219,"column":4},"end":{"line":220,"column":30}},"73":{"start":{"line":222,"column":4},"end":{"line":222,"column":90}},"74":{"start":{"line":222,"column":38},"end":{"line":222,"column":90}},"75":{"start":{"line":223,"column":4},"end":{"line":223,"column":89}},"76":{"start":{"line":223,"column":37},"end":{"line":223,"column":89}},"77":{"start":{"line":225,"column":4},"end":{"line":225,"column":67}},"78":{"start":{"line":226,"column":4},"end":{"line":226,"column":35}},"79":{"start":{"line":235,"column":0},"end":{"line":269,"column":1}},"80":{"start":{"line":236,"column":2},"end":{"line":236,"column":18}},"81":{"start":{"line":237,"column":2},"end":{"line":237,"column":15}},"82":{"start":{"line":240,"column":2},"end":{"line":240,"column":63}},"83":{"start":{"line":243,"column":2},"end":{"line":247,"column":5}},"84":{"start":{"line":244,"column":4},"end":{"line":246,"column":5}},"85":{"start":{"line":245,"column":6},"end":{"line":245,"column":15}},"86":{"start":{"line":249,"column":2},"end":{"line":249,"column":88}},"87":{"start":{"line":249,"column":13},"end":{"line":249,"column":88}},"88":{"start":{"line":254,"column":2},"end":{"line":254,"column":77}},"89":{"start":{"line":259,"column":2},"end":{"line":266,"column":4}},"90":{"start":{"line":268,"column":2},"end":{"line":268,"column":14}},"91":{"start":{"line":275,"column":0},"end":{"line":290,"column":1}},"92":{"start":{"line":278,"column":2},"end":{"line":281,"column":4}},"93":{"start":{"line":284,"column":2},"end":{"line":284,"column":37}},"94":{"start":{"line":285,"column":2},"end":{"line":285,"column":28}},"95":{"start":{"line":288,"column":2},"end":{"line":288,"column":35}},"96":{"start":{"line":289,"column":2},"end":{"line":289,"column":18}}},"branchMap":{"1":{"line":29,"type":"if","locations":[{"start":{"line":29,"column":4},"end":{"line":29,"column":4}},{"start":{"line":29,"column":4},"end":{"line":29,"column":4}}]},"2":{"line":30,"type":"if","locations":[{"start":{"line":30,"column":6},"end":{"line":30,"column":6}},{"start":{"line":30,"column":6},"end":{"line":30,"column":6}}]},"3":{"line":42,"type":"if","locations":[{"start":{"line":42,"column":4},"end":{"line":42,"column":4}},{"start":{"line":42,"column":4},"end":{"line":42,"column":4}}]},"4":{"line":70,"type":"cond-expr","locations":[{"start":{"line":70,"column":42},"end":{"line":70,"column":50}},{"start":{"line":70,"column":53},"end":{"line":70,"column":79}}]},"5":{"line":78,"type":"if","locations":[{"start":{"line":78,"column":4},"end":{"line":78,"column":4}},{"start":{"line":78,"column":4},"end":{"line":78,"column":4}}]},"6":{"line":83,"type":"binary-expr","locations":[{"start":{"line":83,"column":14},"end":{"line":83,"column":21}},{"start":{"line":83,"column":25},"end":{"line":83,"column":27}}]},"7":{"line":87,"type":"if","locations":[{"start":{"line":87,"column":4},"end":{"line":87,"column":4}},{"start":{"line":87,"column":4},"end":{"line":87,"column":4}}]},"8":{"line":88,"type":"if","locations":[{"start":{"line":88,"column":4},"end":{"line":88,"column":4}},{"start":{"line":88,"column":4},"end":{"line":88,"column":4}}]},"9":{"line":94,"type":"switch","locations":[{"start":{"line":102,"column":6},"end":{"line":102,"column":24}},{"start":{"line":103,"column":6},"end":{"line":104,"column":41}},{"start":{"line":106,"column":6},"end":{"line":113,"column":42}},{"start":{"line":121,"column":6},"end":{"line":121,"column":21}},{"start":{"line":122,"column":6},"end":{"line":123,"column":38}},{"start":{"line":125,"column":6},"end":{"line":132,"column":39}},{"start":{"line":140,"column":6},"end":{"line":140,"column":22}},{"start":{"line":141,"column":6},"end":{"line":142,"column":39}},{"start":{"line":144,"column":6},"end":{"line":151,"column":40}},{"start":{"line":158,"column":6},"end":{"line":159,"column":44}},{"start":{"line":161,"column":6},"end":{"line":162,"column":42}},{"start":{"line":164,"column":6},"end":{"line":165,"column":42}}]},"10":{"line":191,"type":"if","locations":[{"start":{"line":191,"column":4},"end":{"line":191,"column":4}},{"start":{"line":191,"column":4},"end":{"line":191,"column":4}}]},"11":{"line":193,"type":"if","locations":[{"start":{"line":193,"column":4},"end":{"line":193,"column":4}},{"start":{"line":193,"column":4},"end":{"line":193,"column":4}}]},"12":{"line":199,"type":"if","locations":[{"start":{"line":199,"column":2},"end":{"line":199,"column":2}},{"start":{"line":199,"column":2},"end":{"line":199,"column":2}}]},"13":{"line":199,"type":"binary-expr","locations":[{"start":{"line":199,"column":6},"end":{"line":199,"column":11}},{"start":{"line":199,"column":15},"end":{"line":199,"column":21}}]},"14":{"line":208,"type":"if","locations":[{"start":{"line":208,"column":4},"end":{"line":208,"column":4}},{"start":{"line":208,"column":4},"end":{"line":208,"column":4}}]},"15":{"line":209,"type":"if","locations":[{"start":{"line":209,"column":4},"end":{"line":209,"column":4}},{"start":{"line":209,"column":4},"end":{"line":209,"column":4}}]},"16":{"line":222,"type":"if","locations":[{"start":{"line":222,"column":4},"end":{"line":222,"column":4}},{"start":{"line":222,"column":4},"end":{"line":222,"column":4}}]},"17":{"line":223,"type":"if","locations":[{"start":{"line":223,"column":4},"end":{"line":223,"column":4}},{"start":{"line":223,"column":4},"end":{"line":223,"column":4}}]},"18":{"line":244,"type":"if","locations":[{"start":{"line":244,"column":4},"end":{"line":244,"column":4}},{"start":{"line":244,"column":4},"end":{"line":244,"column":4}}]},"19":{"line":244,"type":"binary-expr","locations":[{"start":{"line":244,"column":8},"end":{"line":244,"column":59}},{"start":{"line":244,"column":63},"end":{"line":244,"column":95}}]},"20":{"line":249,"type":"if","locations":[{"start":{"line":249,"column":2},"end":{"line":249,"column":2}},{"start":{"line":249,"column":2},"end":{"line":249,"column":2}}]},"21":{"line":261,"type":"binary-expr","locations":[{"start":{"line":261,"column":15},"end":{"line":261,"column":30}},{"start":{"line":261,"column":34},"end":{"line":261,"column":36}}]}}},"/Users/mmiller/Repos/waterline/lib/waterline/query/stream.js":{"path":"/Users/mmiller/Repos/waterline/lib/waterline/query/stream.js","s":{"1":2,"2":2,"3":2,"4":2,"5":2,"6":1,"7":1,"8":1,"9":1,"10":1,"11":1,"12":1,"13":1,"14":1},"b":{},"f":{"1":1,"2":1},"fnMap":{"1":{"name":"(anonymous_1)","line":19,"loc":{"start":{"line":19,"column":10},"end":{"line":19,"column":45}}},"2":{"name":"(anonymous_2)","line":36,"loc":{"start":{"line":36,"column":21},"end":{"line":36,"column":32}}}},"statementMap":{"1":{"start":{"line":5,"column":0},"end":{"line":5,"column":48}},"2":{"start":{"line":6,"column":0},"end":{"line":6,"column":40}},"3":{"start":{"line":7,"column":0},"end":{"line":7,"column":46}},"4":{"start":{"line":8,"column":0},"end":{"line":8,"column":45}},"5":{"start":{"line":10,"column":0},"end":{"line":48,"column":2}},"6":{"start":{"line":20,"column":4},"end":{"line":20,"column":20}},"7":{"start":{"line":22,"column":4},"end":{"line":22,"column":82}},"8":{"start":{"line":25,"column":4},"end":{"line":25,"column":44}},"9":{"start":{"line":28,"column":4},"end":{"line":28,"column":53}},"10":{"start":{"line":32,"column":4},"end":{"line":32,"column":49}},"11":{"start":{"line":36,"column":4},"end":{"line":43,"column":7}},"12":{"start":{"line":39,"column":6},"end":{"line":39,"column":21}},"13":{"start":{"line":42,"column":6},"end":{"line":42,"column":44}},"14":{"start":{"line":45,"column":4},"end":{"line":45,"column":18}}},"branchMap":{}},"/Users/mmiller/Repos/waterline/lib/waterline/utils/stream.js":{"path":"/Users/mmiller/Repos/waterline/lib/waterline/utils/stream.js","s":{"1":2,"2":2,"3":2,"4":2,"5":2,"6":1,"7":1,"8":1,"9":2,"10":2,"11":1,"12":1,"13":1,"14":1,"15":1,"16":0,"17":2,"18":1,"19":1,"20":1,"21":1,"22":0,"23":1,"24":0,"25":0,"26":0,"27":0,"28":0,"29":0,"30":0,"31":0,"32":0,"33":0,"34":0},"b":{"1":[1,1],"2":[0,1],"3":[1,0],"4":[0,1],"5":[0,0],"6":[0,0],"7":[0,0],"8":[0,0]},"f":{"1":1,"2":1,"3":1,"4":1,"5":0},"fnMap":{"1":{"name":"(anonymous_1)","line":12,"loc":{"start":{"line":12,"column":35},"end":{"line":12,"column":60}}},"2":{"name":"(anonymous_2)","line":35,"loc":{"start":{"line":35,"column":30},"end":{"line":35,"column":50}}},"3":{"name":"writeToStream","line":39,"loc":{"start":{"line":39,"column":47},"end":{"line":39,"column":93}}},"4":{"name":"(anonymous_4)","line":57,"loc":{"start":{"line":57,"column":28},"end":{"line":57,"column":46}}},"5":{"name":"(anonymous_5)","line":66,"loc":{"start":{"line":66,"column":26},"end":{"line":66,"column":48}}}},"statementMap":{"1":{"start":{"line":7,"column":0},"end":{"line":7,"column":27}},"2":{"start":{"line":8,"column":0},"end":{"line":8,"column":31}},"3":{"start":{"line":9,"column":0},"end":{"line":9,"column":51}},"4":{"start":{"line":10,"column":0},"end":{"line":10,"column":26}},"5":{"start":{"line":12,"column":0},"end":{"line":22,"column":2}},"6":{"start":{"line":15,"column":2},"end":{"line":15,"column":63}},"7":{"start":{"line":18,"column":2},"end":{"line":18,"column":17}},"8":{"start":{"line":21,"column":2},"end":{"line":21,"column":23}},"9":{"start":{"line":24,"column":0},"end":{"line":24,"column":35}},"10":{"start":{"line":35,"column":0},"end":{"line":51,"column":2}},"11":{"start":{"line":36,"column":2},"end":{"line":36,"column":18}},"12":{"start":{"line":39,"column":2},"end":{"line":49,"column":5}},"13":{"start":{"line":42,"column":4},"end":{"line":42,"column":17}},"14":{"start":{"line":45,"column":4},"end":{"line":45,"column":49}},"15":{"start":{"line":48,"column":4},"end":{"line":48,"column":27}},"16":{"start":{"line":48,"column":12},"end":{"line":48,"column":27}},"17":{"start":{"line":57,"column":0},"end":{"line":79,"column":2}},"18":{"start":{"line":58,"column":2},"end":{"line":58,"column":18}},"19":{"start":{"line":60,"column":2},"end":{"line":64,"column":3}},"20":{"start":{"line":61,"column":4},"end":{"line":61,"column":36}},"21":{"start":{"line":62,"column":4},"end":{"line":62,"column":27}},"22":{"start":{"line":62,"column":12},"end":{"line":62,"column":27}},"23":{"start":{"line":63,"column":4},"end":{"line":63,"column":11}},"24":{"start":{"line":66,"column":2},"end":{"line":78,"column":5}},"25":{"start":{"line":68,"column":4},"end":{"line":72,"column":5}},"26":{"start":{"line":69,"column":6},"end":{"line":69,"column":30}},"27":{"start":{"line":70,"column":6},"end":{"line":70,"column":29}},"28":{"start":{"line":70,"column":14},"end":{"line":70,"column":29}},"29":{"start":{"line":71,"column":6},"end":{"line":71,"column":13}},"30":{"start":{"line":75,"column":4},"end":{"line":75,"column":42}},"31":{"start":{"line":75,"column":16},"end":{"line":75,"column":42}},"32":{"start":{"line":76,"column":4},"end":{"line":76,"column":21}},"33":{"start":{"line":77,"column":4},"end":{"line":77,"column":24}},"34":{"start":{"line":77,"column":12},"end":{"line":77,"column":24}}},"branchMap":{"1":{"line":15,"type":"binary-expr","locations":[{"start":{"line":15,"column":24},"end":{"line":15,"column":38}},{"start":{"line":15,"column":42},"end":{"line":15,"column":62}}]},"2":{"line":48,"type":"if","locations":[{"start":{"line":48,"column":4},"end":{"line":48,"column":4}},{"start":{"line":48,"column":4},"end":{"line":48,"column":4}}]},"3":{"line":60,"type":"if","locations":[{"start":{"line":60,"column":2},"end":{"line":60,"column":2}},{"start":{"line":60,"column":2},"end":{"line":60,"column":2}}]},"4":{"line":62,"type":"if","locations":[{"start":{"line":62,"column":4},"end":{"line":62,"column":4}},{"start":{"line":62,"column":4},"end":{"line":62,"column":4}}]},"5":{"line":68,"type":"if","locations":[{"start":{"line":68,"column":4},"end":{"line":68,"column":4}},{"start":{"line":68,"column":4},"end":{"line":68,"column":4}}]},"6":{"line":70,"type":"if","locations":[{"start":{"line":70,"column":6},"end":{"line":70,"column":6}},{"start":{"line":70,"column":6},"end":{"line":70,"column":6}}]},"7":{"line":75,"type":"if","locations":[{"start":{"line":75,"column":4},"end":{"line":75,"column":4}},{"start":{"line":75,"column":4},"end":{"line":75,"column":4}}]},"8":{"line":77,"type":"if","locations":[{"start":{"line":77,"column":4},"end":{"line":77,"column":4}},{"start":{"line":77,"column":4},"end":{"line":77,"column":4}}]}}},"/Users/mmiller/Repos/waterline/lib/waterline/utils/transformations.js":{"path":"/Users/mmiller/Repos/waterline/lib/waterline/utils/transformations.js","s":{"1":2,"2":2,"3":2,"4":1,"5":1,"6":1,"7":1,"8":0,"9":0,"10":0,"11":1,"12":1,"13":1,"14":0,"15":1,"16":2,"17":0,"18":0},"b":{"1":[1,0],"2":[0,1],"3":[1,0],"4":[0,1]},"f":{"1":1,"2":0},"fnMap":{"1":{"name":"(anonymous_1)","line":16,"loc":{"start":{"line":16,"column":29},"end":{"line":16,"column":56}}},"2":{"name":"(anonymous_2)","line":42,"loc":{"start":{"line":42,"column":27},"end":{"line":42,"column":40}}}},"statementMap":{"1":{"start":{"line":5,"column":0},"end":{"line":5,"column":42}},"2":{"start":{"line":8,"column":0},"end":{"line":8,"column":26}},"3":{"start":{"line":16,"column":0},"end":{"line":37,"column":2}},"4":{"start":{"line":17,"column":2},"end":{"line":17,"column":23}},"5":{"start":{"line":19,"column":2},"end":{"line":19,"column":36}},"6":{"start":{"line":19,"column":14},"end":{"line":19,"column":36}},"7":{"start":{"line":22,"column":2},"end":{"line":28,"column":3}},"8":{"start":{"line":23,"column":4},"end":{"line":27,"column":5}},"9":{"start":{"line":24,"column":6},"end":{"line":24,"column":47}},"10":{"start":{"line":26,"column":6},"end":{"line":26,"column":19}},"11":{"start":{"line":31,"column":2},"end":{"line":31,"column":46}},"12":{"start":{"line":31,"column":21},"end":{"line":31,"column":44}},"13":{"start":{"line":34,"column":2},"end":{"line":34,"column":59}},"14":{"start":{"line":34,"column":17},"end":{"line":34,"column":59}},"15":{"start":{"line":36,"column":2},"end":{"line":36,"column":29}},"16":{"start":{"line":42,"column":0},"end":{"line":45,"column":2}},"17":{"start":{"line":43,"column":2},"end":{"line":43,"column":19}},"18":{"start":{"line":44,"column":2},"end":{"line":44,"column":19}}},"branchMap":{"1":{"line":19,"type":"if","locations":[{"start":{"line":19,"column":2},"end":{"line":19,"column":2}},{"start":{"line":19,"column":2},"end":{"line":19,"column":2}}]},"2":{"line":22,"type":"if","locations":[{"start":{"line":22,"column":2},"end":{"line":22,"column":2}},{"start":{"line":22,"column":2},"end":{"line":22,"column":2}}]},"3":{"line":31,"type":"if","locations":[{"start":{"line":31,"column":2},"end":{"line":31,"column":2}},{"start":{"line":31,"column":2},"end":{"line":31,"column":2}}]},"4":{"line":34,"type":"if","locations":[{"start":{"line":34,"column":2},"end":{"line":34,"column":2}},{"start":{"line":34,"column":2},"end":{"line":34,"column":2}}]}}}}